[0.011s] Invoking command in '/home/pgarcia/Documents/GitHub/same_fuzzy_logic_controller/build/same_fuzzy_logic_controller': CMAKE_PREFIX_PATH=${CMAKE_PREFIX_PATH}:/home/pgarcia/ros2_ws/install/nav2_simple_commander:/opt/ros/rolling /usr/bin/cmake --build /home/pgarcia/Documents/GitHub/same_fuzzy_logic_controller/build/same_fuzzy_logic_controller -- -j8 -l8
[0.051s] [35m[1mConsolidate compiler generated dependencies of target same_fuzzy_logic_controller[0m
[0.069s] [ 50%] [32mBuilding CXX object CMakeFiles/same_fuzzy_logic_controller.dir/src/same_fuzzy_logic_controller.cpp.o[0m
[2.233s] In file included from [01m[K/home/pgarcia/Documents/GitHub/same_fuzzy_logic_controller/same_fuzzy_logic_controller/src/same_fuzzy_logic_controller.cpp:21[m[K:
[2.233s] [01m[K/home/pgarcia/Documents/GitHub/same_fuzzy_logic_controller/same_fuzzy_logic_controller/include/same_fuzzy_logic_controller/same_fuzzy_logic_controller.hpp:213:26:[m[K [01;31m[Kerror: [m[Kâ€˜[01m[KTrajectoryGenerator[m[Kâ€™ was not declared in this scope; did you mean â€˜[01m[Kdwb_core::TrajectoryGenerator[m[Kâ€™?
[2.233s]   213 |   pluginlib::ClassLoader<[01;31m[KTrajectoryGenerator[m[K> traj_gen_loader_;
[2.233s]       |                          [01;31m[K^~~~~~~~~~~~~~~~~~~[m[K
[2.233s]       |                          [32m[Kdwb_core::TrajectoryGenerator[m[K
[2.233s] In file included from [01m[K/home/pgarcia/Documents/GitHub/same_fuzzy_logic_controller/same_fuzzy_logic_controller/include/dwb_core/dwb_local_planner.hpp:46[m[K,
[2.233s]                  from [01m[K/home/pgarcia/Documents/GitHub/same_fuzzy_logic_controller/same_fuzzy_logic_controller/include/same_fuzzy_logic_controller/same_fuzzy_logic_controller.hpp:26[m[K,
[2.233s]                  from [01m[K/home/pgarcia/Documents/GitHub/same_fuzzy_logic_controller/same_fuzzy_logic_controller/src/same_fuzzy_logic_controller.cpp:21[m[K:
[2.233s] [01m[K/home/pgarcia/Documents/GitHub/same_fuzzy_logic_controller/same_fuzzy_logic_controller/include/dwb_core/trajectory_generator.hpp:64:7:[m[K [01;36m[Knote: [m[Kâ€˜[01m[Kdwb_core::TrajectoryGenerator[m[Kâ€™ declared here
[2.233s]    64 | class [01;36m[KTrajectoryGenerator[m[K
[2.233s]       |       [01;36m[K^~~~~~~~~~~~~~~~~~~[m[K
[2.233s] In file included from [01m[K/home/pgarcia/Documents/GitHub/same_fuzzy_logic_controller/same_fuzzy_logic_controller/src/same_fuzzy_logic_controller.cpp:21[m[K:
[2.233s] [01m[K/home/pgarcia/Documents/GitHub/same_fuzzy_logic_controller/same_fuzzy_logic_controller/include/same_fuzzy_logic_controller/same_fuzzy_logic_controller.hpp:213:45:[m[K [01;31m[Kerror: [m[Ktemplate argument 1 is invalid
[2.233s]   213 |   pluginlib::ClassLoader<TrajectoryGenerator[01;31m[K>[m[K traj_gen_loader_;
[2.233s]       |                                             [01;31m[K^[m[K
[2.236s] [01m[K/home/pgarcia/Documents/GitHub/same_fuzzy_logic_controller/same_fuzzy_logic_controller/include/same_fuzzy_logic_controller/same_fuzzy_logic_controller.hpp:214:3:[m[K [01;31m[Kerror: [m[Kâ€˜[01m[KTrajectoryGenerator[m[Kâ€™ does not name a type
[2.236s]   214 |   [01;31m[KTrajectoryGenerator[m[K::Ptr traj_generator_;
[2.236s]       |   [01;31m[K^~~~~~~~~~~~~~~~~~~[m[K
[2.237s] [01m[K/home/pgarcia/Documents/GitHub/same_fuzzy_logic_controller/same_fuzzy_logic_controller/include/same_fuzzy_logic_controller/same_fuzzy_logic_controller.hpp:216:26:[m[K [01;31m[Kerror: [m[Kâ€˜[01m[KTrajectoryCritic[m[Kâ€™ was not declared in this scope; did you mean â€˜[01m[Kdwb_core::TrajectoryCritic[m[Kâ€™?
[2.237s]   216 |   pluginlib::ClassLoader<[01;31m[KTrajectoryCritic[m[K> critic_loader_;
[2.237s]       |                          [01;31m[K^~~~~~~~~~~~~~~~[m[K
[2.237s]       |                          [32m[Kdwb_core::TrajectoryCritic[m[K
[2.237s] In file included from [01m[K/home/pgarcia/Documents/GitHub/same_fuzzy_logic_controller/same_fuzzy_logic_controller/include/dwb_core/publisher.hpp:43[m[K,
[2.237s]                  from [01m[K/home/pgarcia/Documents/GitHub/same_fuzzy_logic_controller/same_fuzzy_logic_controller/include/same_fuzzy_logic_controller/same_fuzzy_logic_controller.hpp:24[m[K,
[2.237s]                  from [01m[K/home/pgarcia/Documents/GitHub/same_fuzzy_logic_controller/same_fuzzy_logic_controller/src/same_fuzzy_logic_controller.cpp:21[m[K:
[2.237s] [01m[K/home/pgarcia/Documents/GitHub/same_fuzzy_logic_controller/same_fuzzy_logic_controller/include/dwb_core/trajectory_critic.hpp:78:7:[m[K [01;36m[Knote: [m[Kâ€˜[01m[Kdwb_core::TrajectoryCritic[m[Kâ€™ declared here
[2.237s]    78 | class [01;36m[KTrajectoryCritic[m[K
[2.237s]       |       [01;36m[K^~~~~~~~~~~~~~~~[m[K
[2.237s] In file included from [01m[K/home/pgarcia/Documents/GitHub/same_fuzzy_logic_controller/same_fuzzy_logic_controller/src/same_fuzzy_logic_controller.cpp:21[m[K:
[2.237s] [01m[K/home/pgarcia/Documents/GitHub/same_fuzzy_logic_controller/same_fuzzy_logic_controller/include/same_fuzzy_logic_controller/same_fuzzy_logic_controller.hpp:216:42:[m[K [01;31m[Kerror: [m[Ktemplate argument 1 is invalid
[2.237s]   216 |   pluginlib::ClassLoader<TrajectoryCritic[01;31m[K>[m[K critic_loader_;
[2.237s]       |                                          [01;31m[K^[m[K
[2.237s] [01m[K/home/pgarcia/Documents/GitHub/same_fuzzy_logic_controller/same_fuzzy_logic_controller/include/same_fuzzy_logic_controller/same_fuzzy_logic_controller.hpp:217:15:[m[K [01;31m[Kerror: [m[Kâ€˜[01m[KTrajectoryCritic[m[Kâ€™ was not declared in this scope; did you mean â€˜[01m[Kdwb_core::TrajectoryCritic[m[Kâ€™?
[2.238s]   217 |   std::vector<[01;31m[KTrajectoryCritic[m[K::Ptr> critics_;
[2.238s]       |               [01;31m[K^~~~~~~~~~~~~~~~[m[K
[2.238s]       |               [32m[Kdwb_core::TrajectoryCritic[m[K
[2.238s] In file included from [01m[K/home/pgarcia/Documents/GitHub/same_fuzzy_logic_controller/same_fuzzy_logic_controller/include/dwb_core/publisher.hpp:43[m[K,
[2.238s]                  from [01m[K/home/pgarcia/Documents/GitHub/same_fuzzy_logic_controller/same_fuzzy_logic_controller/include/same_fuzzy_logic_controller/same_fuzzy_logic_controller.hpp:24[m[K,
[2.238s]                  from [01m[K/home/pgarcia/Documents/GitHub/same_fuzzy_logic_controller/same_fuzzy_logic_controller/src/same_fuzzy_logic_controller.cpp:21[m[K:
[2.238s] [01m[K/home/pgarcia/Documents/GitHub/same_fuzzy_logic_controller/same_fuzzy_logic_controller/include/dwb_core/trajectory_critic.hpp:78:7:[m[K [01;36m[Knote: [m[Kâ€˜[01m[Kdwb_core::TrajectoryCritic[m[Kâ€™ declared here
[2.238s]    78 | class [01;36m[KTrajectoryCritic[m[K
[2.238s]       |       [01;36m[K^~~~~~~~~~~~~~~~[m[K
[2.238s] In file included from [01m[K/home/pgarcia/Documents/GitHub/same_fuzzy_logic_controller/same_fuzzy_logic_controller/src/same_fuzzy_logic_controller.cpp:21[m[K:
[2.238s] [01m[K/home/pgarcia/Documents/GitHub/same_fuzzy_logic_controller/same_fuzzy_logic_controller/include/same_fuzzy_logic_controller/same_fuzzy_logic_controller.hpp:217:36:[m[K [01;31m[Kerror: [m[Ktemplate argument 1 is invalid
[2.238s]   217 |   std::vector<TrajectoryCritic::Ptr[01;31m[K>[m[K critics_;
[2.238s]       |                                    [01;31m[K^[m[K
[2.238s] [01m[K/home/pgarcia/Documents/GitHub/same_fuzzy_logic_controller/same_fuzzy_logic_controller/include/same_fuzzy_logic_controller/same_fuzzy_logic_controller.hpp:217:36:[m[K [01;31m[Kerror: [m[Ktemplate argument 2 is invalid
[2.243s] [01m[K/home/pgarcia/Documents/GitHub/same_fuzzy_logic_controller/same_fuzzy_logic_controller/include/same_fuzzy_logic_controller/same_fuzzy_logic_controller.hpp:[m[K In member function â€˜[01m[Kvirtual void same_fuzzy_logic_controller::SameFuzzyLogicController::setSpeedLimit(const double&, const bool&)[m[Kâ€™:
[2.243s] [01m[K/home/pgarcia/Documents/GitHub/same_fuzzy_logic_controller/same_fuzzy_logic_controller/include/same_fuzzy_logic_controller/same_fuzzy_logic_controller.hpp:139:9:[m[K [01;31m[Kerror: [m[Kâ€˜[01m[Ktraj_generator_[m[Kâ€™ was not declared in this scope; did you mean â€˜[01m[Ktraj_gen_loader_[m[Kâ€™?
[2.243s]   139 |     if ([01;31m[Ktraj_generator_[m[K) {
[2.244s]       |         [01;31m[K^~~~~~~~~~~~~~~[m[K
[2.244s]       |         [32m[Ktraj_gen_loader_[m[K
[2.252s] [01m[K/home/pgarcia/Documents/GitHub/same_fuzzy_logic_controller/same_fuzzy_logic_controller/src/same_fuzzy_logic_controller.cpp:[m[K In constructor â€˜[01m[Ksame_fuzzy_logic_controller::SameFuzzyLogicController::SameFuzzyLogicController()[m[Kâ€™:
[2.252s] [01m[K/home/pgarcia/Documents/GitHub/same_fuzzy_logic_controller/same_fuzzy_logic_controller/src/same_fuzzy_logic_controller.cpp:43:3:[m[K [01;31m[Kerror: [m[Kexpression list treated as compound expression in mem-initializer [[01;31m[K]8;;https://gcc.gnu.org/onlinedocs/gcc/Warning-Options.html#index-fpermissive-fpermissive]8;;[m[K]
[2.252s]    43 | : [01;31m[Ktraj_gen_loader_("dwb_core", "dwb_core::TrajectoryGenerator")[m[K,
[2.252s]       |   [01;31m[K^~~~~~~~~~~~~~~~~~~~~~~~~~~~~~~~~~~~~~~~~~~~~~~~~~~~~~~~~~~~~[m[K
[2.252s] [01m[K/home/pgarcia/Documents/GitHub/same_fuzzy_logic_controller/same_fuzzy_logic_controller/src/same_fuzzy_logic_controller.cpp:43:20:[m[K [01;31m[Kerror: [m[Kleft operand of comma operator has no effect [[01;31m[K]8;;https://gcc.gnu.org/onlinedocs/gcc/Warning-Options.html#index-Wunused-value-Werror=unused-value]8;;[m[K]
[2.252s]    43 | : traj_gen_loader_([01;31m[K"dwb_core"[m[K, "dwb_core::TrajectoryGenerator"),
[2.252s]       |                    [01;31m[K^~~~~~~~~~[m[K
[2.252s] [01m[K/home/pgarcia/Documents/GitHub/same_fuzzy_logic_controller/same_fuzzy_logic_controller/src/same_fuzzy_logic_controller.cpp:43:3:[m[K [01;31m[Kerror: [m[Kinvalid conversion from â€˜[01m[Kconst char*[m[Kâ€™ to â€˜[01m[Kint[m[Kâ€™ [[01;31m[K]8;;https://gcc.gnu.org/onlinedocs/gcc/Warning-Options.html#index-fpermissive-fpermissive]8;;[m[K]
[2.252s]    43 | : [01;31m[Ktraj_gen_loader_("dwb_core", "dwb_core::TrajectoryGenerator")[m[K,
[2.252s]       |   [01;31m[K^~~~~~~~~~~~~~~~~~~~~~~~~~~~~~~~~~~~~~~~~~~~~~~~~~~~~~~~~~~~~[m[K
[2.252s]       |   [01;31m[K|[m[K
[2.252s]       |   [01;31m[Kconst char*[m[K
[2.252s] [01m[K/home/pgarcia/Documents/GitHub/same_fuzzy_logic_controller/same_fuzzy_logic_controller/src/same_fuzzy_logic_controller.cpp:44:3:[m[K [01;31m[Kerror: [m[Kexpression list treated as compound expression in mem-initializer [[01;31m[K]8;;https://gcc.gnu.org/onlinedocs/gcc/Warning-Options.html#index-fpermissive-fpermissive]8;;[m[K]
[2.252s]    44 |   [01;31m[Kcritic_loader_("dwb_core", "dwb_core::TrajectoryCritic")[m[K
[2.252s]       |   [01;31m[K^~~~~~~~~~~~~~~~~~~~~~~~~~~~~~~~~~~~~~~~~~~~~~~~~~~~~~~~[m[K
[2.252s] [01m[K/home/pgarcia/Documents/GitHub/same_fuzzy_logic_controller/same_fuzzy_logic_controller/src/same_fuzzy_logic_controller.cpp:44:18:[m[K [01;31m[Kerror: [m[Kleft operand of comma operator has no effect [[01;31m[K]8;;https://gcc.gnu.org/onlinedocs/gcc/Warning-Options.html#index-Wunused-value-Werror=unused-value]8;;[m[K]
[2.252s]    44 |   critic_loader_([01;31m[K"dwb_core"[m[K, "dwb_core::TrajectoryCritic")
[2.252s]       |                  [01;31m[K^~~~~~~~~~[m[K
[2.253s] [01m[K/home/pgarcia/Documents/GitHub/same_fuzzy_logic_controller/same_fuzzy_logic_controller/src/same_fuzzy_logic_controller.cpp:44:3:[m[K [01;31m[Kerror: [m[Kinvalid conversion from â€˜[01m[Kconst char*[m[Kâ€™ to â€˜[01m[Kint[m[Kâ€™ [[01;31m[K]8;;https://gcc.gnu.org/onlinedocs/gcc/Warning-Options.html#index-fpermissive-fpermissive]8;;[m[K]
[2.253s]    44 |   [01;31m[Kcritic_loader_("dwb_core", "dwb_core::TrajectoryCritic")[m[K
[2.253s]       |   [01;31m[K^~~~~~~~~~~~~~~~~~~~~~~~~~~~~~~~~~~~~~~~~~~~~~~~~~~~~~~~[m[K
[2.253s]       |   [01;31m[K|[m[K
[2.253s]       |   [01;31m[Kconst char*[m[K
[2.256s] [01m[K/home/pgarcia/Documents/GitHub/same_fuzzy_logic_controller/same_fuzzy_logic_controller/src/same_fuzzy_logic_controller.cpp:[m[K In member function â€˜[01m[Kvirtual void same_fuzzy_logic_controller::SameFuzzyLogicController::configure(const WeakPtr&, std::string, std::shared_ptr<tf2_ros::Buffer>, std::shared_ptr<nav2_costmap_2d::Costmap2DROS>)[m[Kâ€™:
[2.256s] [01m[K/home/pgarcia/Documents/GitHub/same_fuzzy_logic_controller/same_fuzzy_logic_controller/src/same_fuzzy_logic_controller.cpp:105:27:[m[K [01;31m[Kerror: [m[Kâ€˜[01m[KDWBPublisher[m[Kâ€™ was not declared in this scope; did you mean â€˜[01m[Kdwb_core::DWBPublisher[m[Kâ€™?
[2.256s]   105 |   pub_ = std::make_unique<[01;31m[KDWBPublisher[m[K>(node, dwb_plugin_name_);
[2.256s]       |                           [01;31m[K^~~~~~~~~~~~[m[K
[2.256s]       |                           [32m[Kdwb_core::DWBPublisher[m[K
[2.256s] In file included from [01m[K/home/pgarcia/Documents/GitHub/same_fuzzy_logic_controller/same_fuzzy_logic_controller/include/same_fuzzy_logic_controller/same_fuzzy_logic_controller.hpp:24[m[K,
[2.256s]                  from [01m[K/home/pgarcia/Documents/GitHub/same_fuzzy_logic_controller/same_fuzzy_logic_controller/src/same_fuzzy_logic_controller.cpp:21[m[K:
[2.256s] [01m[K/home/pgarcia/Documents/GitHub/same_fuzzy_logic_controller/same_fuzzy_logic_controller/include/dwb_core/publisher.hpp:69:7:[m[K [01;36m[Knote: [m[Kâ€˜[01m[Kdwb_core::DWBPublisher[m[Kâ€™ declared here
[2.256s]    69 | class [01;36m[KDWBPublisher[m[K
[2.256s]       |       [01;36m[K^~~~~~~~~~~~[m[K
[2.256s] [01m[K/home/pgarcia/Documents/GitHub/same_fuzzy_logic_controller/same_fuzzy_logic_controller/src/same_fuzzy_logic_controller.cpp:105:40:[m[K [01;31m[Kerror: [m[Kno matching function for call to â€˜[01m[Kmake_unique<<expression error> >(std::shared_ptr<rclcpp_lifecycle::LifecycleNode>&, std::string&)[m[Kâ€™
[2.256s]   105 |   pub_ = [01;31m[Kstd::make_unique<DWBPublisher>(node, dwb_plugin_name_)[m[K;
[2.256s]       |          [01;31m[K~~~~~~~~~~~~~~~~~~~~~~~~~~~~~~^~~~~~~~~~~~~~~~~~~~~~~~[m[K
[2.257s] In file included from [01m[K/usr/include/c++/11/memory:76[m[K,
[2.257s]                  from [01m[K/home/pgarcia/Documents/GitHub/same_fuzzy_logic_controller/same_fuzzy_logic_controller/src/same_fuzzy_logic_controller.cpp:16[m[K:
[2.257s] [01m[K/usr/include/c++/11/bits/unique_ptr.h:961:5:[m[K [01;36m[Knote: [m[Kcandidate: â€˜[01m[Ktemplate<class _Tp, class ... _Args> typename std::_MakeUniq<_Tp>::__single_object std::make_unique(_Args&& ...)[m[Kâ€™
[2.257s]   961 |     [01;36m[Kmake_unique[m[K(_Args&&... __args)
[2.257s]       |     [01;36m[K^~~~~~~~~~~[m[K
[2.257s] [01m[K/usr/include/c++/11/bits/unique_ptr.h:961:5:[m[K [01;36m[Knote: [m[K  template argument deduction/substitution failed:
[2.257s] [01m[K/home/pgarcia/Documents/GitHub/same_fuzzy_logic_controller/same_fuzzy_logic_controller/src/same_fuzzy_logic_controller.cpp:105:40:[m[K [01;31m[Kerror: [m[Ktemplate argument 1 is invalid
[2.257s]   105 |   pub_ = [01;31m[Kstd::make_unique<DWBPublisher>(node, dwb_plugin_name_)[m[K;
[2.257s]       |          [01;31m[K~~~~~~~~~~~~~~~~~~~~~~~~~~~~~~^~~~~~~~~~~~~~~~~~~~~~~~[m[K
[2.257s] In file included from [01m[K/usr/include/c++/11/memory:76[m[K,
[2.257s]                  from [01m[K/home/pgarcia/Documents/GitHub/same_fuzzy_logic_controller/same_fuzzy_logic_controller/src/same_fuzzy_logic_controller.cpp:16[m[K:
[2.257s] [01m[K/usr/include/c++/11/bits/unique_ptr.h:967:5:[m[K [01;36m[Knote: [m[Kcandidate: â€˜[01m[Ktemplate<class _Tp> typename std::_MakeUniq<_Tp>::__array std::make_unique(std::size_t)[m[Kâ€™
[2.257s]   967 |     [01;36m[Kmake_unique[m[K(size_t __num)
[2.257s]       |     [01;36m[K^~~~~~~~~~~[m[K
[2.257s] [01m[K/usr/include/c++/11/bits/unique_ptr.h:967:5:[m[K [01;36m[Knote: [m[K  template argument deduction/substitution failed:
[2.257s] [01m[K/home/pgarcia/Documents/GitHub/same_fuzzy_logic_controller/same_fuzzy_logic_controller/src/same_fuzzy_logic_controller.cpp:105:40:[m[K [01;31m[Kerror: [m[Ktemplate argument 1 is invalid
[2.257s]   105 |   pub_ = [01;31m[Kstd::make_unique<DWBPublisher>(node, dwb_plugin_name_)[m[K;
[2.257s]       |          [01;31m[K~~~~~~~~~~~~~~~~~~~~~~~~~~~~~~^~~~~~~~~~~~~~~~~~~~~~~~[m[K
[2.257s] In file included from [01m[K/usr/include/c++/11/memory:76[m[K,
[2.257s]                  from [01m[K/home/pgarcia/Documents/GitHub/same_fuzzy_logic_controller/same_fuzzy_logic_controller/src/same_fuzzy_logic_controller.cpp:16[m[K:
[2.257s] [01m[K/usr/include/c++/11/bits/unique_ptr.h:973:5:[m[K [01;36m[Knote: [m[Kcandidate: â€˜[01m[Ktemplate<class _Tp, class ... _Args> typename std::_MakeUniq<_Tp>::__invalid_type std::make_unique(_Args&& ...)[m[Kâ€™ (deleted)
[2.257s]   973 |     [01;36m[Kmake_unique[m[K(_Args&&...) = delete;
[2.257s]       |     [01;36m[K^~~~~~~~~~~[m[K
[2.257s] [01m[K/usr/include/c++/11/bits/unique_ptr.h:973:5:[m[K [01;36m[Knote: [m[K  template argument deduction/substitution failed:
[2.257s] [01m[K/home/pgarcia/Documents/GitHub/same_fuzzy_logic_controller/same_fuzzy_logic_controller/src/same_fuzzy_logic_controller.cpp:105:40:[m[K [01;31m[Kerror: [m[Ktemplate argument 1 is invalid
[2.257s]   105 |   pub_ = [01;31m[Kstd::make_unique<DWBPublisher>(node, dwb_plugin_name_)[m[K;
[2.257s]       |          [01;31m[K~~~~~~~~~~~~~~~~~~~~~~~~~~~~~~^~~~~~~~~~~~~~~~~~~~~~~~[m[K
[2.262s] [01m[K/home/pgarcia/Documents/GitHub/same_fuzzy_logic_controller/same_fuzzy_logic_controller/src/same_fuzzy_logic_controller.cpp:108:3:[m[K [01;31m[Kerror: [m[Kâ€˜[01m[Ktraj_generator_[m[Kâ€™ was not declared in this scope; did you mean â€˜[01m[Ktraj_generator_name[m[Kâ€™?
[2.262s]   108 |   [01;31m[Ktraj_generator_[m[K = traj_gen_loader_.createUniqueInstance(traj_generator_name);
[2.262s]       |   [01;31m[K^~~~~~~~~~~~~~~[m[K
[2.262s]       |   [32m[Ktraj_generator_name[m[K
[2.262s] [01m[K/home/pgarcia/Documents/GitHub/same_fuzzy_logic_controller/same_fuzzy_logic_controller/src/same_fuzzy_logic_controller.cpp:108:38:[m[K [01;31m[Kerror: [m[Krequest for member â€˜[01m[KcreateUniqueInstance[m[Kâ€™ in â€˜[01m[K((same_fuzzy_logic_controller::SameFuzzyLogicController*)this)->same_fuzzy_logic_controller::SameFuzzyLogicController::traj_gen_loader_[m[Kâ€™, which is of non-class type â€˜[01m[Kint[m[Kâ€™
[2.262s]   108 |   traj_generator_ = traj_gen_loader_.[01;31m[KcreateUniqueInstance[m[K(traj_generator_name);
[2.262s]       |                                      [01;31m[K^~~~~~~~~~~~~~~~~~~~[m[K
[2.268s] [01m[K/home/pgarcia/Documents/GitHub/same_fuzzy_logic_controller/same_fuzzy_logic_controller/src/same_fuzzy_logic_controller.cpp:[m[K In member function â€˜[01m[Kvirtual void same_fuzzy_logic_controller::SameFuzzyLogicController::cleanup()[m[Kâ€™:
[2.268s] [01m[K/home/pgarcia/Documents/GitHub/same_fuzzy_logic_controller/same_fuzzy_logic_controller/src/same_fuzzy_logic_controller.cpp:139:3:[m[K [01;31m[Kerror: [m[Kâ€˜[01m[Ktraj_generator_[m[Kâ€™ was not declared in this scope; did you mean â€˜[01m[Ktraj_gen_loader_[m[Kâ€™?
[2.268s]   139 |   [01;31m[Ktraj_generator_[m[K.reset();
[2.268s]       |   [01;31m[K^~~~~~~~~~~~~~~[m[K
[2.268s]       |   [32m[Ktraj_gen_loader_[m[K
[2.269s] [01m[K/home/pgarcia/Documents/GitHub/same_fuzzy_logic_controller/same_fuzzy_logic_controller/src/same_fuzzy_logic_controller.cpp:[m[K In member function â€˜[01m[Kstd::string same_fuzzy_logic_controller::SameFuzzyLogicController::resolveCriticClassName(std::string)[m[Kâ€™:
[2.269s] [01m[K/home/pgarcia/Documents/GitHub/same_fuzzy_logic_controller/same_fuzzy_logic_controller/src/same_fuzzy_logic_controller.cpp:152:26:[m[K [01;31m[Kerror: [m[Krequest for member â€˜[01m[KisClassAvailable[m[Kâ€™ in â€˜[01m[K((same_fuzzy_logic_controller::SameFuzzyLogicController*)this)->same_fuzzy_logic_controller::SameFuzzyLogicController::critic_loader_[m[Kâ€™, which is of non-class type â€˜[01m[Kint[m[Kâ€™
[2.269s]   152 |       if (critic_loader_.[01;31m[KisClassAvailable[m[K(full_name)) {
[2.269s]       |                          [01;31m[K^~~~~~~~~~~~~~~~[m[K
[2.270s] [01m[K/home/pgarcia/Documents/GitHub/same_fuzzy_logic_controller/same_fuzzy_logic_controller/src/same_fuzzy_logic_controller.cpp:[m[K In member function â€˜[01m[Kvirtual void same_fuzzy_logic_controller::SameFuzzyLogicController::loadCritics()[m[Kâ€™:
[2.270s] [01m[K/home/pgarcia/Documents/GitHub/same_fuzzy_logic_controller/same_fuzzy_logic_controller/src/same_fuzzy_logic_controller.cpp:190:5:[m[K [01;31m[Kerror: [m[Kâ€˜[01m[KTrajectoryCritic[m[Kâ€™ has not been declared
[2.270s]   190 |     [01;31m[KTrajectoryCritic[m[K::Ptr plugin = critic_loader_.createUniqueInstance(plugin_class);
[2.270s]       |     [01;31m[K^~~~~~~~~~~~~~~~[m[K
[2.270s] [01m[K/home/pgarcia/Documents/GitHub/same_fuzzy_logic_controller/same_fuzzy_logic_controller/src/same_fuzzy_logic_controller.cpp:194:14:[m[K [01;31m[Kerror: [m[Krequest for member â€˜[01m[Kpush_back[m[Kâ€™ in â€˜[01m[K((same_fuzzy_logic_controller::SameFuzzyLogicController*)this)->same_fuzzy_logic_controller::SameFuzzyLogicController::critics_[m[Kâ€™, which is of non-class type â€˜[01m[Kint[m[Kâ€™
[2.270s]   194 |     critics_.[01;31m[Kpush_back[m[K(plugin);
[2.270s]       |              [01;31m[K^~~~~~~~~[m[K
[2.275s] [01m[K/home/pgarcia/Documents/GitHub/same_fuzzy_logic_controller/same_fuzzy_logic_controller/src/same_fuzzy_logic_controller.cpp:194:24:[m[K [01;31m[Kerror: [m[Kâ€˜[01m[Kplugin[m[Kâ€™ was not declared in this scope; did you mean â€˜[01m[Kpluginlib[m[Kâ€™?
[2.275s]   194 |     critics_.push_back([01;31m[Kplugin[m[K);
[2.275s]       |                        [01;31m[K^~~~~~[m[K
[2.275s]       |                        [32m[Kpluginlib[m[K
[2.276s] [01m[K/home/pgarcia/Documents/GitHub/same_fuzzy_logic_controller/same_fuzzy_logic_controller/src/same_fuzzy_logic_controller.cpp:[m[K In member function â€˜[01m[Kvirtual void same_fuzzy_logic_controller::SameFuzzyLogicController::setPlan(const Path&)[m[Kâ€™:
[2.276s] [01m[K/home/pgarcia/Documents/GitHub/same_fuzzy_logic_controller/same_fuzzy_logic_controller/src/same_fuzzy_logic_controller.cpp:211:8:[m[K [01;31m[Kerror: [m[Kâ€˜[01m[KTrajectoryCritic[m[Kâ€™ has not been declared
[2.276s]   211 |   for ([01;31m[KTrajectoryCritic[m[K::Ptr & critic : critics_) {
[2.276s]       |        [01;31m[K^~~~~~~~~~~~~~~~[m[K
[2.276s] [01m[K/home/pgarcia/Documents/GitHub/same_fuzzy_logic_controller/same_fuzzy_logic_controller/src/same_fuzzy_logic_controller.cpp:211:39:[m[K [01;31m[Kerror: [m[Kfound â€˜[01m[K:[m[Kâ€™ in nested-name-specifier, expected â€˜[01m[K::[m[Kâ€™
[2.276s]   211 |   for (TrajectoryCritic::Ptr & critic [01;31m[K:[m[K critics_) {
[2.276s]       |                                       [01;31m[K^[m[K
[2.276s]       |                                       [32m[K::[m[K
[2.276s] [01m[K/home/pgarcia/Documents/GitHub/same_fuzzy_logic_controller/same_fuzzy_logic_controller/src/same_fuzzy_logic_controller.cpp:211:32:[m[K [01;31m[Kerror: [m[Kâ€˜[01m[Kcritic[m[Kâ€™ has not been declared
[2.276s]   211 |   for (TrajectoryCritic::Ptr & [01;31m[Kcritic[m[K : critics_) {
[2.276s]       |                                [01;31m[K^~~~~~[m[K
[2.281s] [01m[K/home/pgarcia/Documents/GitHub/same_fuzzy_logic_controller/same_fuzzy_logic_controller/src/same_fuzzy_logic_controller.cpp:215:3:[m[K [01;31m[Kerror: [m[Kâ€˜[01m[Ktraj_generator_[m[Kâ€™ was not declared in this scope; did you mean â€˜[01m[Ktraj_gen_loader_[m[Kâ€™?
[2.281s]   215 |   [01;31m[Ktraj_generator_[m[K->reset();
[2.281s]       |   [01;31m[K^~~~~~~~~~~~~~~[m[K
[2.281s]       |   [32m[Ktraj_gen_loader_[m[K
[2.281s] [01m[K/home/pgarcia/Documents/GitHub/same_fuzzy_logic_controller/same_fuzzy_logic_controller/src/same_fuzzy_logic_controller.cpp:217:34:[m[K [01;31m[Kerror: [m[Kexpected â€˜[01m[K)[m[Kâ€™ before â€˜[01m[K;[m[Kâ€™ token
[2.281s]   217 |   pub_->publishGlobalPlan(path2d)[01;31m[K;[m[K
[2.281s]       |                                  [01;31m[K^[m[K
[2.281s]       |                                  [32m[K)[m[K
[2.281s] [01m[K/home/pgarcia/Documents/GitHub/same_fuzzy_logic_controller/same_fuzzy_logic_controller/src/same_fuzzy_logic_controller.cpp:211:7:[m[K [01;36m[Knote: [m[Kto match this â€˜[01m[K([m[Kâ€™
[2.281s]   211 |   for [01;36m[K([m[KTrajectoryCritic::Ptr & critic : critics_) {
[2.281s]       |       [01;36m[K^[m[K
[2.286s] [01m[K/home/pgarcia/Documents/GitHub/same_fuzzy_logic_controller/same_fuzzy_logic_controller/src/same_fuzzy_logic_controller.cpp:[m[K In member function â€˜[01m[Kvirtual nav_2d_msgs::msg::Twist2DStamped same_fuzzy_logic_controller::SameFuzzyLogicController::computeVelocityCommands(const Pose2DStamped&, const Twist2D&, std::shared_ptr<dwb_msgs::msg::LocalPlanEvaluation_<std::allocator<void> > >&)[m[Kâ€™:
[2.286s] [01m[K/home/pgarcia/Documents/GitHub/same_fuzzy_logic_controller/same_fuzzy_logic_controller/src/same_fuzzy_logic_controller.cpp:291:8:[m[K [01;31m[Kerror: [m[Kâ€˜[01m[KTrajectoryCritic[m[Kâ€™ has not been declared
[2.286s]   291 |   for ([01;31m[KTrajectoryCritic[m[K::Ptr & critic : critics_) {
[2.286s]       |        [01;31m[K^~~~~~~~~~~~~~~~[m[K
[2.286s] [01m[K/home/pgarcia/Documents/GitHub/same_fuzzy_logic_controller/same_fuzzy_logic_controller/src/same_fuzzy_logic_controller.cpp:291:39:[m[K [01;31m[Kerror: [m[Kfound â€˜[01m[K:[m[Kâ€™ in nested-name-specifier, expected â€˜[01m[K::[m[Kâ€™
[2.286s]   291 |   for (TrajectoryCritic::Ptr & critic [01;31m[K:[m[K critics_) {
[2.286s]       |                                       [01;31m[K^[m[K
[2.286s]       |                                       [32m[K::[m[K
[2.286s] [01m[K/home/pgarcia/Documents/GitHub/same_fuzzy_logic_controller/same_fuzzy_logic_controller/src/same_fuzzy_logic_controller.cpp:291:32:[m[K [01;31m[Kerror: [m[Kâ€˜[01m[Kcritic[m[Kâ€™ has not been declared
[2.286s]   291 |   for (TrajectoryCritic::Ptr & [01;31m[Kcritic[m[K : critics_) {
[2.286s]       |                                [01;31m[K^~~~~~[m[K
[2.286s] [01m[K/home/pgarcia/Documents/GitHub/same_fuzzy_logic_controller/same_fuzzy_logic_controller/src/same_fuzzy_logic_controller.cpp:297:3:[m[K [01;31m[Kerror: [m[Kexpected primary-expression before â€˜[01m[Ktry[m[Kâ€™
[2.286s]   297 |   [01;31m[Ktry[m[K {
[2.286s]       |   [01;31m[K^~~[m[K
[2.286s] [01m[K/home/pgarcia/Documents/GitHub/same_fuzzy_logic_controller/same_fuzzy_logic_controller/src/same_fuzzy_logic_controller.cpp:295:4:[m[K [01;31m[Kerror: [m[Kexpected â€˜[01m[K;[m[Kâ€™ before â€˜[01m[Ktry[m[Kâ€™
[2.286s]   295 |   }
[2.286s]       |    [01;31m[K^[m[K
[2.286s]       |    [32m[K;[m[K
[2.286s]   296 | 
[2.286s]   297 |   [32m[Ktry[m[K {
[2.286s]       |   [32m[K~~~[m[K
[2.286s] [01m[K/home/pgarcia/Documents/GitHub/same_fuzzy_logic_controller/same_fuzzy_logic_controller/src/same_fuzzy_logic_controller.cpp:297:3:[m[K [01;31m[Kerror: [m[Kexpected primary-expression before â€˜[01m[Ktry[m[Kâ€™
[2.287s]   297 |   [01;31m[Ktry[m[K {
[2.287s]       |   [01;31m[K^~~[m[K
[2.287s] [01m[K/home/pgarcia/Documents/GitHub/same_fuzzy_logic_controller/same_fuzzy_logic_controller/src/same_fuzzy_logic_controller.cpp:295:4:[m[K [01;31m[Kerror: [m[Kexpected â€˜[01m[K)[m[Kâ€™ before â€˜[01m[Ktry[m[Kâ€™
[2.287s]   295 |   }
[2.287s]       |    [01;31m[K^[m[K
[2.287s]       |    [32m[K)[m[K
[2.287s]   296 | 
[2.287s]   297 |   [32m[Ktry[m[K {
[2.287s]       |   [32m[K~~~[m[K
[2.287s] [01m[K/home/pgarcia/Documents/GitHub/same_fuzzy_logic_controller/same_fuzzy_logic_controller/src/same_fuzzy_logic_controller.cpp:291:7:[m[K [01;36m[Knote: [m[Kto match this â€˜[01m[K([m[Kâ€™
[2.287s]   291 |   for [01;36m[K([m[KTrajectoryCritic::Ptr & critic : critics_) {
[2.287s]       |       [01;36m[K^[m[K
[2.287s] [01m[K/home/pgarcia/Documents/GitHub/same_fuzzy_logic_controller/same_fuzzy_logic_controller/src/same_fuzzy_logic_controller.cpp:306:10:[m[K [01;31m[Kerror: [m[Kâ€˜[01m[KTrajectoryCritic[m[Kâ€™ has not been declared
[2.287s]   306 |     for ([01;31m[KTrajectoryCritic[m[K::Ptr & critic : critics_) {
[2.287s]       |          [01;31m[K^~~~~~~~~~~~~~~~[m[K
[2.287s] [01m[K/home/pgarcia/Documents/GitHub/same_fuzzy_logic_controller/same_fuzzy_logic_controller/src/same_fuzzy_logic_controller.cpp:306:41:[m[K [01;31m[Kerror: [m[Kfound â€˜[01m[K:[m[Kâ€™ in nested-name-specifier, expected â€˜[01m[K::[m[Kâ€™
[2.287s]   306 |     for (TrajectoryCritic::Ptr & critic [01;31m[K:[m[K critics_) {
[2.287s]       |                                         [01;31m[K^[m[K
[2.287s]       |                                         [32m[K::[m[K
[2.287s] [01m[K/home/pgarcia/Documents/GitHub/same_fuzzy_logic_controller/same_fuzzy_logic_controller/src/same_fuzzy_logic_controller.cpp:306:34:[m[K [01;31m[Kerror: [m[Kâ€˜[01m[Kcritic[m[Kâ€™ has not been declared
[2.287s]   306 |     for (TrajectoryCritic::Ptr & [01;31m[Kcritic[m[K : critics_) {
[2.287s]       |                                  [01;31m[K^~~~~~[m[K
[2.287s] [01m[K/home/pgarcia/Documents/GitHub/same_fuzzy_logic_controller/same_fuzzy_logic_controller/src/same_fuzzy_logic_controller.cpp:310:16:[m[K [01;31m[Kerror: [m[Kcould not convert â€˜[01m[Klock.std::unique_lock<std::recursive_mutex>::unlock()[m[Kâ€™ from â€˜[01m[Kvoid[m[Kâ€™ to â€˜[01m[Kbool[m[Kâ€™
[2.287s]   310 |     [01;31m[Klock.unlock()[m[K;
[2.287s]       |     [01;31m[K~~~~~~~~~~~^~[m[K
[2.287s]       |                [01;31m[K|[m[K
[2.287s]       |                [01;31m[Kvoid[m[K
[2.287s] [01m[K/home/pgarcia/Documents/GitHub/same_fuzzy_logic_controller/same_fuzzy_logic_controller/src/same_fuzzy_logic_controller.cpp:312:51:[m[K [01;31m[Kerror: [m[Kexpected â€˜[01m[K)[m[Kâ€™ before â€˜[01m[K;[m[Kâ€™ token
[2.287s]   312 |     pub_->publishLocalPlan(pose.header, best.traj)[01;31m[K;[m[K
[2.288s]       |                                                   [01;31m[K^[m[K
[2.288s]       |                                                   [32m[K)[m[K
[2.288s] [01m[K/home/pgarcia/Documents/GitHub/same_fuzzy_logic_controller/same_fuzzy_logic_controller/src/same_fuzzy_logic_controller.cpp:306:9:[m[K [01;36m[Knote: [m[Kto match this â€˜[01m[K([m[Kâ€™
[2.288s]   306 |     for [01;36m[K([m[KTrajectoryCritic::Ptr & critic : critics_) {
[2.288s]       |         [01;36m[K^[m[K
[2.288s] [01m[K/home/pgarcia/Documents/GitHub/same_fuzzy_logic_controller/same_fuzzy_logic_controller/src/same_fuzzy_logic_controller.cpp:313:41:[m[K [01;31m[Kerror: [m[Kcannot convert â€˜[01m[Kint[m[Kâ€™ to â€˜[01m[Kstd::vector<std::shared_ptr<dwb_core::TrajectoryCritic> >[m[Kâ€™
[2.288s]   313 |     pub_->publishCostGrid(costmap_ros_, [01;31m[Kcritics_[m[K);
[2.288s]       |                                         [01;31m[K^~~~~~~~[m[K
[2.288s]       |                                         [01;31m[K|[m[K
[2.288s]       |                                         [01;31m[Kint[m[K
[2.288s] In file included from [01m[K/home/pgarcia/Documents/GitHub/same_fuzzy_logic_controller/same_fuzzy_logic_controller/include/same_fuzzy_logic_controller/same_fuzzy_logic_controller.hpp:24[m[K,
[2.288s]                  from [01m[K/home/pgarcia/Documents/GitHub/same_fuzzy_logic_controller/same_fuzzy_logic_controller/src/same_fuzzy_logic_controller.cpp:21[m[K:
[2.288s] [01m[K/home/pgarcia/Documents/GitHub/same_fuzzy_logic_controller/same_fuzzy_logic_controller/include/dwb_core/publisher.hpp:96:46:[m[K [01;36m[Knote: [m[K  initializing argument 2 of â€˜[01m[Kvoid dwb_core::DWBPublisher::publishCostGrid(std::shared_ptr<nav2_costmap_2d::Costmap2DROS>, std::vector<std::shared_ptr<dwb_core::TrajectoryCritic> >)[m[Kâ€™
[2.288s]    96 |     [01;36m[Kconst std::vector<TrajectoryCritic::Ptr> critics[m[K);
[2.288s]       |     [01;36m[K~~~~~~~~~~~~~~~~~~~~~~~~~~~~~~~~~~~~~~~~~^~~~~~~[m[K
[2.288s] [01m[K/home/pgarcia/Documents/GitHub/same_fuzzy_logic_controller/same_fuzzy_logic_controller/src/same_fuzzy_logic_controller.cpp:320:10:[m[K [01;31m[Kerror: [m[Kâ€˜[01m[KTrajectoryCritic[m[Kâ€™ has not been declared
[2.288s]   320 |     for ([01;31m[KTrajectoryCritic[m[K::Ptr & critic : critics_) {
[2.288s]       |          [01;31m[K^~~~~~~~~~~~~~~~[m[K
[2.288s] [01m[K/home/pgarcia/Documents/GitHub/same_fuzzy_logic_controller/same_fuzzy_logic_controller/src/same_fuzzy_logic_controller.cpp:320:41:[m[K [01;31m[Kerror: [m[Kfound â€˜[01m[K:[m[Kâ€™ in nested-name-specifier, expected â€˜[01m[K::[m[Kâ€™
[2.288s]   320 |     for (TrajectoryCritic::Ptr & critic [01;31m[K:[m[K critics_) {
[2.288s]       |                                         [01;31m[K^[m[K
[2.288s]       |                                         [32m[K::[m[K
[2.288s] [01m[K/home/pgarcia/Documents/GitHub/same_fuzzy_logic_controller/same_fuzzy_logic_controller/src/same_fuzzy_logic_controller.cpp:320:34:[m[K [01;31m[Kerror: [m[Kâ€˜[01m[Kcritic[m[Kâ€™ has not been declared
[2.288s]   320 |     for (TrajectoryCritic::Ptr & [01;31m[Kcritic[m[K : critics_) {
[2.288s]       |                                  [01;31m[K^~~~~~[m[K
[2.288s] [01m[K/home/pgarcia/Documents/GitHub/same_fuzzy_logic_controller/same_fuzzy_logic_controller/src/same_fuzzy_logic_controller.cpp:324:16:[m[K [01;31m[Kerror: [m[Kcould not convert â€˜[01m[Klock.std::unique_lock<std::recursive_mutex>::unlock()[m[Kâ€™ from â€˜[01m[Kvoid[m[Kâ€™ to â€˜[01m[Kbool[m[Kâ€™
[2.289s]   324 |     [01;31m[Klock.unlock()[m[K;
[2.289s]       |     [01;31m[K~~~~~~~~~~~^~[m[K
[2.289s]       |                [01;31m[K|[m[K
[2.289s]       |                [01;31m[Kvoid[m[K
[2.289s] [01m[K/home/pgarcia/Documents/GitHub/same_fuzzy_logic_controller/same_fuzzy_logic_controller/src/same_fuzzy_logic_controller.cpp:326:52:[m[K [01;31m[Kerror: [m[Kexpected â€˜[01m[K)[m[Kâ€™ before â€˜[01m[K;[m[Kâ€™ token
[2.289s]   326 |     pub_->publishLocalPlan(pose.header, empty_traj)[01;31m[K;[m[K
[2.289s]       |                                                    [01;31m[K^[m[K
[2.289s]       |                                                    [32m[K)[m[K
[2.289s] [01m[K/home/pgarcia/Documents/GitHub/same_fuzzy_logic_controller/same_fuzzy_logic_controller/src/same_fuzzy_logic_controller.cpp:320:9:[m[K [01;36m[Knote: [m[Kto match this â€˜[01m[K([m[Kâ€™
[2.289s]   320 |     for [01;36m[K([m[KTrajectoryCritic::Ptr & critic : critics_) {
[2.289s]       |         [01;36m[K^[m[K
[2.289s] [01m[K/home/pgarcia/Documents/GitHub/same_fuzzy_logic_controller/same_fuzzy_logic_controller/src/same_fuzzy_logic_controller.cpp:327:41:[m[K [01;31m[Kerror: [m[Kcannot convert â€˜[01m[Kint[m[Kâ€™ to â€˜[01m[Kstd::vector<std::shared_ptr<dwb_core::TrajectoryCritic> >[m[Kâ€™
[2.289s]   327 |     pub_->publishCostGrid(costmap_ros_, [01;31m[Kcritics_[m[K);
[2.289s]       |                                         [01;31m[K^~~~~~~~[m[K
[2.289s]       |                                         [01;31m[K|[m[K
[2.289s]       |                                         [01;31m[Kint[m[K
[2.289s] In file included from [01m[K/home/pgarcia/Documents/GitHub/same_fuzzy_logic_controller/same_fuzzy_logic_controller/include/same_fuzzy_logic_controller/same_fuzzy_logic_controller.hpp:24[m[K,
[2.289s]                  from [01m[K/home/pgarcia/Documents/GitHub/same_fuzzy_logic_controller/same_fuzzy_logic_controller/src/same_fuzzy_logic_controller.cpp:21[m[K:
[2.289s] [01m[K/home/pgarcia/Documents/GitHub/same_fuzzy_logic_controller/same_fuzzy_logic_controller/include/dwb_core/publisher.hpp:96:46:[m[K [01;36m[Knote: [m[K  initializing argument 2 of â€˜[01m[Kvoid dwb_core::DWBPublisher::publishCostGrid(std::shared_ptr<nav2_costmap_2d::Costmap2DROS>, std::vector<std::shared_ptr<dwb_core::TrajectoryCritic> >)[m[Kâ€™
[2.289s]    96 |     [01;36m[Kconst std::vector<TrajectoryCritic::Ptr> critics[m[K);
[2.289s]       |     [01;36m[K~~~~~~~~~~~~~~~~~~~~~~~~~~~~~~~~~~~~~~~~~^~~~~~~[m[K
[2.289s] [01m[K/home/pgarcia/Documents/GitHub/same_fuzzy_logic_controller/same_fuzzy_logic_controller/src/same_fuzzy_logic_controller.cpp:[m[K In member function â€˜[01m[Kvirtual dwb_msgs::msg::TrajectoryScore same_fuzzy_logic_controller::SameFuzzyLogicController::coreScoringAlgorithm(const Pose2D&, nav_2d_msgs::msg::Twist2D, std::shared_ptr<dwb_msgs::msg::LocalPlanEvaluation_<std::allocator<void> > >&)[m[Kâ€™:
[2.289s] [01m[K/home/pgarcia/Documents/GitHub/same_fuzzy_logic_controller/same_fuzzy_logic_controller/src/same_fuzzy_logic_controller.cpp:346:3:[m[K [01;31m[Kerror: [m[Kâ€˜[01m[KIllegalTrajectoryTracker[m[Kâ€™ was not declared in this scope; did you mean â€˜[01m[Kdwb_core::IllegalTrajectoryTracker[m[Kâ€™?
[2.289s]   346 |   [01;31m[KIllegalTrajectoryTracker[m[K tracker;
[2.289s]       |   [01;31m[K^~~~~~~~~~~~~~~~~~~~~~~~[m[K
[2.289s]       |   [32m[Kdwb_core::IllegalTrajectoryTracker[m[K
[2.289s] In file included from [01m[K/home/pgarcia/Documents/GitHub/same_fuzzy_logic_controller/same_fuzzy_logic_controller/src/same_fuzzy_logic_controller.cpp:23[m[K:
[2.289s] [01m[K/home/pgarcia/Documents/GitHub/same_fuzzy_logic_controller/same_fuzzy_logic_controller/include/dwb_core/illegal_trajectory_tracker.hpp:46:7:[m[K [01;36m[Knote: [m[Kâ€˜[01m[Kdwb_core::IllegalTrajectoryTracker[m[Kâ€™ declared here
[2.289s]    46 | class [01;36m[KIllegalTrajectoryTracker[m[K
[2.289s]       |       [01;36m[K^~~~~~~~~~~~~~~~~~~~~~~~[m[K
[2.293s] [01m[K/home/pgarcia/Documents/GitHub/same_fuzzy_logic_controller/same_fuzzy_logic_controller/src/same_fuzzy_logic_controller.cpp:348:3:[m[K [01;31m[Kerror: [m[Kâ€˜[01m[Ktraj_generator_[m[Kâ€™ was not declared in this scope; did you mean â€˜[01m[Ktraj_gen_loader_[m[Kâ€™?
[2.293s]   348 |   [01;31m[Ktraj_generator_[m[K->startNewIteration(velocity);
[2.293s]       |   [01;31m[K^~~~~~~~~~~~~~~[m[K
[2.293s]       |   [32m[Ktraj_gen_loader_[m[K
[2.297s] [01m[K/home/pgarcia/Documents/GitHub/same_fuzzy_logic_controller/same_fuzzy_logic_controller/src/same_fuzzy_logic_controller.cpp:355:7:[m[K [01;31m[Kerror: [m[Kâ€˜[01m[Ktracker[m[Kâ€™ was not declared in this scope
[2.297s]   355 |       [01;31m[Ktracker[m[K.addLegalTrajectory();
[2.297s]       |       [01;31m[K^~~~~~~[m[K
[2.302s] [01m[K/home/pgarcia/Documents/GitHub/same_fuzzy_logic_controller/same_fuzzy_logic_controller/src/same_fuzzy_logic_controller.cpp:383:7:[m[K [01;31m[Kerror: [m[Kâ€˜[01m[Ktracker[m[Kâ€™ was not declared in this scope
[2.302s]   383 |       [01;31m[Ktracker[m[K.addIllegalTrajectory(e);
[2.302s]       |       [01;31m[K^~~~~~~[m[K
[2.307s] In file included from [01m[K/opt/ros/rolling/include/rclcpp/rclcpp/logging.hpp:24[m[K,
[2.307s]                  from [01m[K/opt/ros/rolling/include/rclcpp/rclcpp/client.hpp:40[m[K,
[2.307s]                  from [01m[K/opt/ros/rolling/include/rclcpp/rclcpp/callback_group.hpp:24[m[K,
[2.307s]                  from [01m[K/opt/ros/rolling/include/rclcpp_lifecycle/rclcpp_lifecycle/lifecycle_node.hpp:56[m[K,
[2.307s]                  from [01m[K/home/pgarcia/ros2_ws/install/nav2_costmap_2d/include/nav2_costmap_2d/costmap_2d_publisher.hpp:46[m[K,
[2.307s]                  from [01m[K/home/pgarcia/ros2_ws/install/nav2_costmap_2d/include/nav2_costmap_2d/costmap_2d_ros.hpp:48[m[K,
[2.307s]                  from [01m[K/home/pgarcia/ros2_ws/install/nav2_core/include/nav2_core/controller.hpp:42[m[K,
[2.307s]                  from [01m[K/home/pgarcia/Documents/GitHub/same_fuzzy_logic_controller/same_fuzzy_logic_controller/include/same_fuzzy_logic_controller/same_fuzzy_logic_controller.hpp:22[m[K,
[2.307s]                  from [01m[K/home/pgarcia/Documents/GitHub/same_fuzzy_logic_controller/same_fuzzy_logic_controller/src/same_fuzzy_logic_controller.cpp:21[m[K:
[2.307s] [01m[K/home/pgarcia/Documents/GitHub/same_fuzzy_logic_controller/same_fuzzy_logic_controller/src/same_fuzzy_logic_controller.cpp:389:74:[m[K [01;31m[Kerror: [m[Kâ€˜[01m[Ktracker[m[Kâ€™ was not declared in this scope
[2.307s]   389 |       RCLCPP_ERROR(rclcpp::get_logger("SameFuzzyLogicController"), "%s", [01;31m[Ktracker[m[K.getMessage().c_str());
[2.307s]       |                                                                          [01;31m[K^~~~~~~[m[K
[2.311s] [01m[K/home/pgarcia/Documents/GitHub/same_fuzzy_logic_controller/same_fuzzy_logic_controller/src/same_fuzzy_logic_controller.cpp:390:29:[m[K [01;31m[Kerror: [m[Kâ€˜[01m[Ktracker[m[Kâ€™ was not declared in this scope
[2.311s]   390 |       for (auto const & x : [01;31m[Ktracker[m[K.getPercentages()) {
[2.311s]       |                             [01;31m[K^~~~~~~[m[K
[2.315s] [01m[K/home/pgarcia/Documents/GitHub/same_fuzzy_logic_controller/same_fuzzy_logic_controller/src/same_fuzzy_logic_controller.cpp:397:40:[m[K [01;31m[Kerror: [m[Kâ€˜[01m[Ktracker[m[Kâ€™ was not declared in this scope
[2.316s]   397 |     throw NoLegalTrajectoriesException([01;31m[Ktracker[m[K);
[2.316s]       |                                        [01;31m[K^~~~~~~[m[K
[2.316s] [01m[K/home/pgarcia/Documents/GitHub/same_fuzzy_logic_controller/same_fuzzy_logic_controller/src/same_fuzzy_logic_controller.cpp:397:11:[m[K [01;31m[Kerror: [m[Kâ€˜[01m[KNoLegalTrajectoriesException[m[Kâ€™ was not declared in this scope; did you mean â€˜[01m[Kdwb_core::NoLegalTrajectoriesException[m[Kâ€™?
[2.316s]   397 |     throw [01;31m[KNoLegalTrajectoriesException[m[K(tracker);
[2.316s]       |           [01;31m[K^~~~~~~~~~~~~~~~~~~~~~~~~~~~[m[K
[2.316s]       |           [32m[Kdwb_core::NoLegalTrajectoriesException[m[K
[2.316s] In file included from [01m[K/home/pgarcia/Documents/GitHub/same_fuzzy_logic_controller/same_fuzzy_logic_controller/src/same_fuzzy_logic_controller.cpp:23[m[K:
[2.316s] [01m[K/home/pgarcia/Documents/GitHub/same_fuzzy_logic_controller/same_fuzzy_logic_controller/include/dwb_core/illegal_trajectory_tracker.hpp:68:7:[m[K [01;36m[Knote: [m[Kâ€˜[01m[Kdwb_core::NoLegalTrajectoriesException[m[Kâ€™ declared here
[2.316s]    68 | class [01;36m[KNoLegalTrajectoriesException[m[K
[2.316s]       |       [01;36m[K^~~~~~~~~~~~~~~~~~~~~~~~~~~~[m[K
[2.317s] [01m[K/home/pgarcia/Documents/GitHub/same_fuzzy_logic_controller/same_fuzzy_logic_controller/src/same_fuzzy_logic_controller.cpp:[m[K In member function â€˜[01m[Kvirtual dwb_msgs::msg::TrajectoryScore same_fuzzy_logic_controller::SameFuzzyLogicController::scoreTrajectory(const Trajectory2D&, double)[m[Kâ€™:
[2.317s] [01m[K/home/pgarcia/Documents/GitHub/same_fuzzy_logic_controller/same_fuzzy_logic_controller/src/same_fuzzy_logic_controller.cpp:411:8:[m[K [01;31m[Kerror: [m[Kâ€˜[01m[KTrajectoryCritic[m[Kâ€™ has not been declared
[2.317s]   411 |   for ([01;31m[KTrajectoryCritic[m[K::Ptr & critic : critics_) {
[2.317s]       |        [01;31m[K^~~~~~~~~~~~~~~~[m[K
[2.317s] [01m[K/home/pgarcia/Documents/GitHub/same_fuzzy_logic_controller/same_fuzzy_logic_controller/src/same_fuzzy_logic_controller.cpp:411:39:[m[K [01;31m[Kerror: [m[Kfound â€˜[01m[K:[m[Kâ€™ in nested-name-specifier, expected â€˜[01m[K::[m[Kâ€™
[2.317s]   411 |   for (TrajectoryCritic::Ptr & critic [01;31m[K:[m[K critics_) {
[2.317s]       |                                       [01;31m[K^[m[K
[2.317s]       |                                       [32m[K::[m[K
[2.317s] [01m[K/home/pgarcia/Documents/GitHub/same_fuzzy_logic_controller/same_fuzzy_logic_controller/src/same_fuzzy_logic_controller.cpp:411:32:[m[K [01;31m[Kerror: [m[Kâ€˜[01m[Kcritic[m[Kâ€™ has not been declared
[2.317s]   411 |   for (TrajectoryCritic::Ptr & [01;31m[Kcritic[m[K : critics_) {
[2.317s]       |                                [01;31m[K^~~~~~[m[K
[2.317s] [01m[K/home/pgarcia/Documents/GitHub/same_fuzzy_logic_controller/same_fuzzy_logic_controller/src/same_fuzzy_logic_controller.cpp:431:3:[m[K [01;31m[Kerror: [m[Kexpected primary-expression before â€˜[01m[Kreturn[m[Kâ€™
[2.317s]   431 |   [01;31m[Kreturn[m[K score;
[2.317s]       |   [01;31m[K^~~~~~[m[K
[2.317s] [01m[K/home/pgarcia/Documents/GitHub/same_fuzzy_logic_controller/same_fuzzy_logic_controller/src/same_fuzzy_logic_controller.cpp:429:4:[m[K [01;31m[Kerror: [m[Kexpected â€˜[01m[K;[m[Kâ€™ before â€˜[01m[Kreturn[m[Kâ€™
[2.317s]   429 |   }
[2.317s]       |    [01;31m[K^[m[K
[2.317s]       |    [32m[K;[m[K
[2.317s]   430 | 
[2.317s]   431 |   [32m[Kreturn[m[K score;
[2.317s]       |   [32m[K~~~~~~[m[K
[2.317s] [01m[K/home/pgarcia/Documents/GitHub/same_fuzzy_logic_controller/same_fuzzy_logic_controller/src/same_fuzzy_logic_controller.cpp:431:3:[m[K [01;31m[Kerror: [m[Kexpected primary-expression before â€˜[01m[Kreturn[m[Kâ€™
[2.317s]   431 |   [01;31m[Kreturn[m[K score;
[2.317s]       |   [01;31m[K^~~~~~[m[K
[2.317s] [01m[K/home/pgarcia/Documents/GitHub/same_fuzzy_logic_controller/same_fuzzy_logic_controller/src/same_fuzzy_logic_controller.cpp:429:4:[m[K [01;31m[Kerror: [m[Kexpected â€˜[01m[K)[m[Kâ€™ before â€˜[01m[Kreturn[m[Kâ€™
[2.317s]   429 |   }
[2.317s]       |    [01;31m[K^[m[K
[2.317s]       |    [32m[K)[m[K
[2.317s]   430 | 
[2.318s]   431 |   [32m[Kreturn[m[K score;
[2.318s]       |   [32m[K~~~~~~[m[K
[2.318s] [01m[K/home/pgarcia/Documents/GitHub/same_fuzzy_logic_controller/same_fuzzy_logic_controller/src/same_fuzzy_logic_controller.cpp:411:7:[m[K [01;36m[Knote: [m[Kto match this â€˜[01m[K([m[Kâ€™
[2.318s]   411 |   for [01;36m[K([m[KTrajectoryCritic::Ptr & critic : critics_) {
[2.318s]       |       [01;36m[K^[m[K
[2.318s] [01m[K/home/pgarcia/Documents/GitHub/same_fuzzy_logic_controller/same_fuzzy_logic_controller/src/same_fuzzy_logic_controller.cpp:406:10:[m[K [01;31m[Kerror: [m[Kunused parameter â€˜[01m[Kbest_score[m[Kâ€™ [[01;31m[K]8;;https://gcc.gnu.org/onlinedocs/gcc/Warning-Options.html#index-Wunused-parameter-Werror=unused-parameter]8;;[m[K]
[2.318s]   406 |   [01;31m[Kdouble best_score[m[K)
[2.318s]       |   [01;31m[K~~~~~~~^~~~~~~~~~[m[K
[3.368s] [01m[K/home/pgarcia/Documents/GitHub/same_fuzzy_logic_controller/same_fuzzy_logic_controller/src/same_fuzzy_logic_controller.cpp:[m[K In member function â€˜[01m[Kvirtual nav_2d_msgs::msg::Twist2DStamped same_fuzzy_logic_controller::SameFuzzyLogicController::computeVelocityCommands(const Pose2DStamped&, const Twist2D&, std::shared_ptr<dwb_msgs::msg::LocalPlanEvaluation_<std::allocator<void> > >&)[m[Kâ€™:
[3.368s] [01m[K/home/pgarcia/Documents/GitHub/same_fuzzy_logic_controller/same_fuzzy_logic_controller/src/same_fuzzy_logic_controller.cpp:333:1:[m[K [01;31m[Kerror: [m[Kcontrol reaches end of non-void function [[01;31m[K]8;;https://gcc.gnu.org/onlinedocs/gcc/Warning-Options.html#index-Wreturn-type-Werror=return-type]8;;[m[K]
[3.368s]   333 | [01;31m[K}[m[K
[3.368s]       | [01;31m[K^[m[K
[3.369s] [01m[K/home/pgarcia/Documents/GitHub/same_fuzzy_logic_controller/same_fuzzy_logic_controller/src/same_fuzzy_logic_controller.cpp:[m[K In member function â€˜[01m[Kvirtual dwb_msgs::msg::TrajectoryScore same_fuzzy_logic_controller::SameFuzzyLogicController::scoreTrajectory(const Trajectory2D&, double)[m[Kâ€™:
[3.369s] [01m[K/home/pgarcia/Documents/GitHub/same_fuzzy_logic_controller/same_fuzzy_logic_controller/src/same_fuzzy_logic_controller.cpp:432:1:[m[K [01;31m[Kerror: [m[Kcontrol reaches end of non-void function [[01;31m[K]8;;https://gcc.gnu.org/onlinedocs/gcc/Warning-Options.html#index-Wreturn-type-Werror=return-type]8;;[m[K]
[3.369s]   432 | [01;31m[K}[m[K
[3.369s]       | [01;31m[K^[m[K
[3.382s] cc1plus: all warnings being treated as errors
[3.394s] gmake[2]: *** [CMakeFiles/same_fuzzy_logic_controller.dir/build.make:76: CMakeFiles/same_fuzzy_logic_controller.dir/src/same_fuzzy_logic_controller.cpp.o] Error 1
[3.394s] gmake[1]: *** [CMakeFiles/Makefile2:137: CMakeFiles/same_fuzzy_logic_controller.dir/all] Error 2
[3.395s] gmake: *** [Makefile:146: all] Error 2
[3.397s] Invoked command in '/home/pgarcia/Documents/GitHub/same_fuzzy_logic_controller/build/same_fuzzy_logic_controller' returned '2': CMAKE_PREFIX_PATH=${CMAKE_PREFIX_PATH}:/home/pgarcia/ros2_ws/install/nav2_simple_commander:/opt/ros/rolling /usr/bin/cmake --build /home/pgarcia/Documents/GitHub/same_fuzzy_logic_controller/build/same_fuzzy_logic_controller -- -j8 -l8
