[01m[K/home/pgarcia/Documents/GitHub/same_fuzzy_logic_controller/same_fuzzy_logic_controller/src/same_fuzzy_logic_controller.cpp:[m[K In member function â€˜[01m[Kvirtual dwb_msgs::msg::TrajectoryScore same_fuzzy_logic_controller::SameFuzzyLogicController::coreScoringAlgorithm(const Pose2D&, nav_2d_msgs::msg::Twist2D, std::shared_ptr<dwb_msgs::msg::LocalPlanEvaluation_<std::allocator<void> > >&)[m[Kâ€™:
[01m[K/home/pgarcia/Documents/GitHub/same_fuzzy_logic_controller/same_fuzzy_logic_controller/src/same_fuzzy_logic_controller.cpp:397:11:[m[K [01;31m[Kerror: [m[Kâ€˜[01m[KNoLegalTrajectoriesException[m[Kâ€™ was not declared in this scope; did you mean â€˜[01m[Kdwb_core::NoLegalTrajectoriesException[m[Kâ€™?
  397 |     throw [01;31m[KNoLegalTrajectoriesException[m[K(tracker);
      |           [01;31m[K^~~~~~~~~~~~~~~~~~~~~~~~~~~~[m[K
      |           [32m[Kdwb_core::NoLegalTrajectoriesException[m[K
In file included from [01m[K/home/pgarcia/Documents/GitHub/same_fuzzy_logic_controller/same_fuzzy_logic_controller/src/same_fuzzy_logic_controller.cpp:23[m[K:
[01m[K/home/pgarcia/Documents/GitHub/same_fuzzy_logic_controller/same_fuzzy_logic_controller/include/dwb_core/illegal_trajectory_tracker.hpp:68:7:[m[K [01;36m[Knote: [m[Kâ€˜[01m[Kdwb_core::NoLegalTrajectoriesException[m[Kâ€™ declared here
   68 | class [01;36m[KNoLegalTrajectoriesException[m[K
      |       [01;36m[K^~~~~~~~~~~~~~~~~~~~~~~~~~~~[m[K
gmake[2]: *** [CMakeFiles/same_fuzzy_logic_controller.dir/build.make:76: CMakeFiles/same_fuzzy_logic_controller.dir/src/same_fuzzy_logic_controller.cpp.o] Error 1
gmake[1]: *** [CMakeFiles/Makefile2:137: CMakeFiles/same_fuzzy_logic_controller.dir/all] Error 2
gmake: *** [Makefile:146: all] Error 2
