[0.011s] Invoking command in '/home/pgarcia/Documents/GitHub/same_fuzzy_logic_controller/build/same_fuzzy_logic_controller': CMAKE_PREFIX_PATH=${CMAKE_PREFIX_PATH}:/home/pgarcia/ros2_ws/install/nav2_simple_commander:/opt/ros/rolling /usr/bin/cmake --build /home/pgarcia/Documents/GitHub/same_fuzzy_logic_controller/build/same_fuzzy_logic_controller -- -j8 -l8
[0.053s] [35m[1mConsolidate compiler generated dependencies of target same_fuzzy_logic_controller[0m
[0.073s] [ 50%] [32mBuilding CXX object CMakeFiles/same_fuzzy_logic_controller.dir/src/same_fuzzy_logic_controller.cpp.o[0m
[2.319s] [01m[K/home/pgarcia/Documents/GitHub/same_fuzzy_logic_controller/same_fuzzy_logic_controller/src/same_fuzzy_logic_controller.cpp:[m[K In member function â€˜[01m[Kvirtual nav_2d_msgs::msg::Twist2DStamped same_fuzzy_logic_controller::SameFuzzyLogicController::computeVelocityCommands(const Pose2DStamped&, const Twist2D&, std::shared_ptr<dwb_msgs::msg::LocalPlanEvaluation_<std::allocator<void> > >&)[m[Kâ€™:
[2.319s] [01m[K/home/pgarcia/Documents/GitHub/same_fuzzy_logic_controller/same_fuzzy_logic_controller/src/same_fuzzy_logic_controller.cpp:291:8:[m[K [01;31m[Kerror: [m[Kâ€˜[01m[KTrajectoryCritic[m[Kâ€™ has not been declared
[2.319s]   291 |   for ([01;31m[KTrajectoryCritic[m[K::Ptr & critic : critics_) {
[2.319s]       |        [01;31m[K^~~~~~~~~~~~~~~~[m[K
[2.319s] [01m[K/home/pgarcia/Documents/GitHub/same_fuzzy_logic_controller/same_fuzzy_logic_controller/src/same_fuzzy_logic_controller.cpp:291:39:[m[K [01;31m[Kerror: [m[Kfound â€˜[01m[K:[m[Kâ€™ in nested-name-specifier, expected â€˜[01m[K::[m[Kâ€™
[2.319s]   291 |   for (TrajectoryCritic::Ptr & critic [01;31m[K:[m[K critics_) {
[2.319s]       |                                       [01;31m[K^[m[K
[2.319s]       |                                       [32m[K::[m[K
[2.319s] [01m[K/home/pgarcia/Documents/GitHub/same_fuzzy_logic_controller/same_fuzzy_logic_controller/src/same_fuzzy_logic_controller.cpp:291:32:[m[K [01;31m[Kerror: [m[Kâ€˜[01m[Kcritic[m[Kâ€™ has not been declared
[2.319s]   291 |   for (TrajectoryCritic::Ptr & [01;31m[Kcritic[m[K : critics_) {
[2.319s]       |                                [01;31m[K^~~~~~[m[K
[2.320s] [01m[K/home/pgarcia/Documents/GitHub/same_fuzzy_logic_controller/same_fuzzy_logic_controller/src/same_fuzzy_logic_controller.cpp:297:3:[m[K [01;31m[Kerror: [m[Kexpected primary-expression before â€˜[01m[Ktry[m[Kâ€™
[2.320s]   297 |   [01;31m[Ktry[m[K {
[2.320s]       |   [01;31m[K^~~[m[K
[2.320s] [01m[K/home/pgarcia/Documents/GitHub/same_fuzzy_logic_controller/same_fuzzy_logic_controller/src/same_fuzzy_logic_controller.cpp:295:4:[m[K [01;31m[Kerror: [m[Kexpected â€˜[01m[K;[m[Kâ€™ before â€˜[01m[Ktry[m[Kâ€™
[2.320s]   295 |   }
[2.320s]       |    [01;31m[K^[m[K
[2.320s]       |    [32m[K;[m[K
[2.320s]   296 | 
[2.320s]   297 |   [32m[Ktry[m[K {
[2.320s]       |   [32m[K~~~[m[K
[2.320s] [01m[K/home/pgarcia/Documents/GitHub/same_fuzzy_logic_controller/same_fuzzy_logic_controller/src/same_fuzzy_logic_controller.cpp:297:3:[m[K [01;31m[Kerror: [m[Kexpected primary-expression before â€˜[01m[Ktry[m[Kâ€™
[2.320s]   297 |   [01;31m[Ktry[m[K {
[2.320s]       |   [01;31m[K^~~[m[K
[2.320s] [01m[K/home/pgarcia/Documents/GitHub/same_fuzzy_logic_controller/same_fuzzy_logic_controller/src/same_fuzzy_logic_controller.cpp:295:4:[m[K [01;31m[Kerror: [m[Kexpected â€˜[01m[K)[m[Kâ€™ before â€˜[01m[Ktry[m[Kâ€™
[2.320s]   295 |   }
[2.320s]       |    [01;31m[K^[m[K
[2.320s]       |    [32m[K)[m[K
[2.320s]   296 | 
[2.320s]   297 |   [32m[Ktry[m[K {
[2.320s]       |   [32m[K~~~[m[K
[2.320s] [01m[K/home/pgarcia/Documents/GitHub/same_fuzzy_logic_controller/same_fuzzy_logic_controller/src/same_fuzzy_logic_controller.cpp:291:7:[m[K [01;36m[Knote: [m[Kto match this â€˜[01m[K([m[Kâ€™
[2.320s]   291 |   for [01;36m[K([m[KTrajectoryCritic::Ptr & critic : critics_) {
[2.320s]       |       [01;36m[K^[m[K
[2.320s] [01m[K/home/pgarcia/Documents/GitHub/same_fuzzy_logic_controller/same_fuzzy_logic_controller/src/same_fuzzy_logic_controller.cpp:306:10:[m[K [01;31m[Kerror: [m[Kâ€˜[01m[KTrajectoryCritic[m[Kâ€™ has not been declared
[2.320s]   306 |     for ([01;31m[KTrajectoryCritic[m[K::Ptr & critic : critics_) {
[2.321s]       |          [01;31m[K^~~~~~~~~~~~~~~~[m[K
[2.321s] [01m[K/home/pgarcia/Documents/GitHub/same_fuzzy_logic_controller/same_fuzzy_logic_controller/src/same_fuzzy_logic_controller.cpp:306:41:[m[K [01;31m[Kerror: [m[Kfound â€˜[01m[K:[m[Kâ€™ in nested-name-specifier, expected â€˜[01m[K::[m[Kâ€™
[2.321s]   306 |     for (TrajectoryCritic::Ptr & critic [01;31m[K:[m[K critics_) {
[2.321s]       |                                         [01;31m[K^[m[K
[2.321s]       |                                         [32m[K::[m[K
[2.321s] [01m[K/home/pgarcia/Documents/GitHub/same_fuzzy_logic_controller/same_fuzzy_logic_controller/src/same_fuzzy_logic_controller.cpp:306:34:[m[K [01;31m[Kerror: [m[Kâ€˜[01m[Kcritic[m[Kâ€™ has not been declared
[2.321s]   306 |     for (TrajectoryCritic::Ptr & [01;31m[Kcritic[m[K : critics_) {
[2.321s]       |                                  [01;31m[K^~~~~~[m[K
[2.321s] [01m[K/home/pgarcia/Documents/GitHub/same_fuzzy_logic_controller/same_fuzzy_logic_controller/src/same_fuzzy_logic_controller.cpp:310:16:[m[K [01;31m[Kerror: [m[Kcould not convert â€˜[01m[Klock.std::unique_lock<std::recursive_mutex>::unlock()[m[Kâ€™ from â€˜[01m[Kvoid[m[Kâ€™ to â€˜[01m[Kbool[m[Kâ€™
[2.321s]   310 |     [01;31m[Klock.unlock()[m[K;
[2.321s]       |     [01;31m[K~~~~~~~~~~~^~[m[K
[2.321s]       |                [01;31m[K|[m[K
[2.321s]       |                [01;31m[Kvoid[m[K
[2.321s] [01m[K/home/pgarcia/Documents/GitHub/same_fuzzy_logic_controller/same_fuzzy_logic_controller/src/same_fuzzy_logic_controller.cpp:312:51:[m[K [01;31m[Kerror: [m[Kexpected â€˜[01m[K)[m[Kâ€™ before â€˜[01m[K;[m[Kâ€™ token
[2.321s]   312 |     pub_->publishLocalPlan(pose.header, best.traj)[01;31m[K;[m[K
[2.321s]       |                                                   [01;31m[K^[m[K
[2.321s]       |                                                   [32m[K)[m[K
[2.321s] [01m[K/home/pgarcia/Documents/GitHub/same_fuzzy_logic_controller/same_fuzzy_logic_controller/src/same_fuzzy_logic_controller.cpp:306:9:[m[K [01;36m[Knote: [m[Kto match this â€˜[01m[K([m[Kâ€™
[2.321s]   306 |     for [01;36m[K([m[KTrajectoryCritic::Ptr & critic : critics_) {
[2.321s]       |         [01;36m[K^[m[K
[2.321s] [01m[K/home/pgarcia/Documents/GitHub/same_fuzzy_logic_controller/same_fuzzy_logic_controller/src/same_fuzzy_logic_controller.cpp:320:10:[m[K [01;31m[Kerror: [m[Kâ€˜[01m[KTrajectoryCritic[m[Kâ€™ has not been declared
[2.321s]   320 |     for ([01;31m[KTrajectoryCritic[m[K::Ptr & critic : critics_) {
[2.321s]       |          [01;31m[K^~~~~~~~~~~~~~~~[m[K
[2.321s] [01m[K/home/pgarcia/Documents/GitHub/same_fuzzy_logic_controller/same_fuzzy_logic_controller/src/same_fuzzy_logic_controller.cpp:320:41:[m[K [01;31m[Kerror: [m[Kfound â€˜[01m[K:[m[Kâ€™ in nested-name-specifier, expected â€˜[01m[K::[m[Kâ€™
[2.321s]   320 |     for (TrajectoryCritic::Ptr & critic [01;31m[K:[m[K critics_) {
[2.321s]       |                                         [01;31m[K^[m[K
[2.321s]       |                                         [32m[K::[m[K
[2.321s] [01m[K/home/pgarcia/Documents/GitHub/same_fuzzy_logic_controller/same_fuzzy_logic_controller/src/same_fuzzy_logic_controller.cpp:320:34:[m[K [01;31m[Kerror: [m[Kâ€˜[01m[Kcritic[m[Kâ€™ has not been declared
[2.321s]   320 |     for (TrajectoryCritic::Ptr & [01;31m[Kcritic[m[K : critics_) {
[2.321s]       |                                  [01;31m[K^~~~~~[m[K
[2.322s] [01m[K/home/pgarcia/Documents/GitHub/same_fuzzy_logic_controller/same_fuzzy_logic_controller/src/same_fuzzy_logic_controller.cpp:324:16:[m[K [01;31m[Kerror: [m[Kcould not convert â€˜[01m[Klock.std::unique_lock<std::recursive_mutex>::unlock()[m[Kâ€™ from â€˜[01m[Kvoid[m[Kâ€™ to â€˜[01m[Kbool[m[Kâ€™
[2.322s]   324 |     [01;31m[Klock.unlock()[m[K;
[2.322s]       |     [01;31m[K~~~~~~~~~~~^~[m[K
[2.322s]       |                [01;31m[K|[m[K
[2.322s]       |                [01;31m[Kvoid[m[K
[2.322s] [01m[K/home/pgarcia/Documents/GitHub/same_fuzzy_logic_controller/same_fuzzy_logic_controller/src/same_fuzzy_logic_controller.cpp:326:52:[m[K [01;31m[Kerror: [m[Kexpected â€˜[01m[K)[m[Kâ€™ before â€˜[01m[K;[m[Kâ€™ token
[2.322s]   326 |     pub_->publishLocalPlan(pose.header, empty_traj)[01;31m[K;[m[K
[2.322s]       |                                                    [01;31m[K^[m[K
[2.322s]       |                                                    [32m[K)[m[K
[2.322s] [01m[K/home/pgarcia/Documents/GitHub/same_fuzzy_logic_controller/same_fuzzy_logic_controller/src/same_fuzzy_logic_controller.cpp:320:9:[m[K [01;36m[Knote: [m[Kto match this â€˜[01m[K([m[Kâ€™
[2.322s]   320 |     for [01;36m[K([m[KTrajectoryCritic::Ptr & critic : critics_) {
[2.322s]       |         [01;36m[K^[m[K
[2.322s] [01m[K/home/pgarcia/Documents/GitHub/same_fuzzy_logic_controller/same_fuzzy_logic_controller/src/same_fuzzy_logic_controller.cpp:[m[K In member function â€˜[01m[Kvirtual dwb_msgs::msg::TrajectoryScore same_fuzzy_logic_controller::SameFuzzyLogicController::coreScoringAlgorithm(const Pose2D&, nav_2d_msgs::msg::Twist2D, std::shared_ptr<dwb_msgs::msg::LocalPlanEvaluation_<std::allocator<void> > >&)[m[Kâ€™:
[2.322s] [01m[K/home/pgarcia/Documents/GitHub/same_fuzzy_logic_controller/same_fuzzy_logic_controller/src/same_fuzzy_logic_controller.cpp:346:3:[m[K [01;31m[Kerror: [m[Kâ€˜[01m[KIllegalTrajectoryTracker[m[Kâ€™ was not declared in this scope; did you mean â€˜[01m[Kdwb_core::IllegalTrajectoryTracker[m[Kâ€™?
[2.322s]   346 |   [01;31m[KIllegalTrajectoryTracker[m[K tracker;
[2.322s]       |   [01;31m[K^~~~~~~~~~~~~~~~~~~~~~~~[m[K
[2.322s]       |   [32m[Kdwb_core::IllegalTrajectoryTracker[m[K
[2.322s] In file included from [01m[K/home/pgarcia/Documents/GitHub/same_fuzzy_logic_controller/same_fuzzy_logic_controller/src/same_fuzzy_logic_controller.cpp:23[m[K:
[2.322s] [01m[K/home/pgarcia/Documents/GitHub/same_fuzzy_logic_controller/same_fuzzy_logic_controller/include/dwb_core/illegal_trajectory_tracker.hpp:46:7:[m[K [01;36m[Knote: [m[Kâ€˜[01m[Kdwb_core::IllegalTrajectoryTracker[m[Kâ€™ declared here
[2.322s]    46 | class [01;36m[KIllegalTrajectoryTracker[m[K
[2.322s]       |       [01;36m[K^~~~~~~~~~~~~~~~~~~~~~~~[m[K
[2.326s] [01m[K/home/pgarcia/Documents/GitHub/same_fuzzy_logic_controller/same_fuzzy_logic_controller/src/same_fuzzy_logic_controller.cpp:355:7:[m[K [01;31m[Kerror: [m[Kâ€˜[01m[Ktracker[m[Kâ€™ was not declared in this scope
[2.326s]   355 |       [01;31m[Ktracker[m[K.addLegalTrajectory();
[2.326s]       |       [01;31m[K^~~~~~~[m[K
[2.331s] [01m[K/home/pgarcia/Documents/GitHub/same_fuzzy_logic_controller/same_fuzzy_logic_controller/src/same_fuzzy_logic_controller.cpp:383:7:[m[K [01;31m[Kerror: [m[Kâ€˜[01m[Ktracker[m[Kâ€™ was not declared in this scope
[2.331s]   383 |       [01;31m[Ktracker[m[K.addIllegalTrajectory(e);
[2.331s]       |       [01;31m[K^~~~~~~[m[K
[2.337s] In file included from [01m[K/opt/ros/rolling/include/rclcpp/rclcpp/logging.hpp:24[m[K,
[2.337s]                  from [01m[K/opt/ros/rolling/include/rclcpp/rclcpp/client.hpp:40[m[K,
[2.337s]                  from [01m[K/opt/ros/rolling/include/rclcpp/rclcpp/callback_group.hpp:24[m[K,
[2.337s]                  from [01m[K/opt/ros/rolling/include/rclcpp_lifecycle/rclcpp_lifecycle/lifecycle_node.hpp:56[m[K,
[2.337s]                  from [01m[K/home/pgarcia/ros2_ws/install/nav2_costmap_2d/include/nav2_costmap_2d/costmap_2d_publisher.hpp:46[m[K,
[2.337s]                  from [01m[K/home/pgarcia/ros2_ws/install/nav2_costmap_2d/include/nav2_costmap_2d/costmap_2d_ros.hpp:48[m[K,
[2.337s]                  from [01m[K/home/pgarcia/ros2_ws/install/nav2_core/include/nav2_core/controller.hpp:42[m[K,
[2.337s]                  from [01m[K/home/pgarcia/Documents/GitHub/same_fuzzy_logic_controller/same_fuzzy_logic_controller/include/same_fuzzy_logic_controller/same_fuzzy_logic_controller.hpp:22[m[K,
[2.337s]                  from [01m[K/home/pgarcia/Documents/GitHub/same_fuzzy_logic_controller/same_fuzzy_logic_controller/src/same_fuzzy_logic_controller.cpp:21[m[K:
[2.337s] [01m[K/home/pgarcia/Documents/GitHub/same_fuzzy_logic_controller/same_fuzzy_logic_controller/src/same_fuzzy_logic_controller.cpp:389:74:[m[K [01;31m[Kerror: [m[Kâ€˜[01m[Ktracker[m[Kâ€™ was not declared in this scope
[2.337s]   389 |       RCLCPP_ERROR(rclcpp::get_logger("SameFuzzyLogicController"), "%s", [01;31m[Ktracker[m[K.getMessage().c_str());
[2.337s]       |                                                                          [01;31m[K^~~~~~~[m[K
[2.342s] [01m[K/home/pgarcia/Documents/GitHub/same_fuzzy_logic_controller/same_fuzzy_logic_controller/src/same_fuzzy_logic_controller.cpp:390:29:[m[K [01;31m[Kerror: [m[Kâ€˜[01m[Ktracker[m[Kâ€™ was not declared in this scope
[2.342s]   390 |       for (auto const & x : [01;31m[Ktracker[m[K.getPercentages()) {
[2.342s]       |                             [01;31m[K^~~~~~~[m[K
[2.347s] [01m[K/home/pgarcia/Documents/GitHub/same_fuzzy_logic_controller/same_fuzzy_logic_controller/src/same_fuzzy_logic_controller.cpp:397:40:[m[K [01;31m[Kerror: [m[Kâ€˜[01m[Ktracker[m[Kâ€™ was not declared in this scope
[2.347s]   397 |     throw NoLegalTrajectoriesException([01;31m[Ktracker[m[K);
[2.347s]       |                                        [01;31m[K^~~~~~~[m[K
[2.347s] [01m[K/home/pgarcia/Documents/GitHub/same_fuzzy_logic_controller/same_fuzzy_logic_controller/src/same_fuzzy_logic_controller.cpp:397:11:[m[K [01;31m[Kerror: [m[Kâ€˜[01m[KNoLegalTrajectoriesException[m[Kâ€™ was not declared in this scope; did you mean â€˜[01m[Kdwb_core::NoLegalTrajectoriesException[m[Kâ€™?
[2.347s]   397 |     throw [01;31m[KNoLegalTrajectoriesException[m[K(tracker);
[2.347s]       |           [01;31m[K^~~~~~~~~~~~~~~~~~~~~~~~~~~~[m[K
[2.347s]       |           [32m[Kdwb_core::NoLegalTrajectoriesException[m[K
[2.347s] In file included from [01m[K/home/pgarcia/Documents/GitHub/same_fuzzy_logic_controller/same_fuzzy_logic_controller/src/same_fuzzy_logic_controller.cpp:23[m[K:
[2.347s] [01m[K/home/pgarcia/Documents/GitHub/same_fuzzy_logic_controller/same_fuzzy_logic_controller/include/dwb_core/illegal_trajectory_tracker.hpp:68:7:[m[K [01;36m[Knote: [m[Kâ€˜[01m[Kdwb_core::NoLegalTrajectoriesException[m[Kâ€™ declared here
[2.347s]    68 | class [01;36m[KNoLegalTrajectoriesException[m[K
[2.347s]       |       [01;36m[K^~~~~~~~~~~~~~~~~~~~~~~~~~~~[m[K
[2.348s] [01m[K/home/pgarcia/Documents/GitHub/same_fuzzy_logic_controller/same_fuzzy_logic_controller/src/same_fuzzy_logic_controller.cpp:[m[K In member function â€˜[01m[Kvirtual dwb_msgs::msg::TrajectoryScore same_fuzzy_logic_controller::SameFuzzyLogicController::scoreTrajectory(const Trajectory2D&, double)[m[Kâ€™:
[2.348s] [01m[K/home/pgarcia/Documents/GitHub/same_fuzzy_logic_controller/same_fuzzy_logic_controller/src/same_fuzzy_logic_controller.cpp:411:8:[m[K [01;31m[Kerror: [m[Kâ€˜[01m[KTrajectoryCritic[m[Kâ€™ has not been declared
[2.348s]   411 |   for ([01;31m[KTrajectoryCritic[m[K::Ptr & critic : critics_) {
[2.348s]       |        [01;31m[K^~~~~~~~~~~~~~~~[m[K
[2.348s] [01m[K/home/pgarcia/Documents/GitHub/same_fuzzy_logic_controller/same_fuzzy_logic_controller/src/same_fuzzy_logic_controller.cpp:411:39:[m[K [01;31m[Kerror: [m[Kfound â€˜[01m[K:[m[Kâ€™ in nested-name-specifier, expected â€˜[01m[K::[m[Kâ€™
[2.348s]   411 |   for (TrajectoryCritic::Ptr & critic [01;31m[K:[m[K critics_) {
[2.348s]       |                                       [01;31m[K^[m[K
[2.348s]       |                                       [32m[K::[m[K
[2.348s] [01m[K/home/pgarcia/Documents/GitHub/same_fuzzy_logic_controller/same_fuzzy_logic_controller/src/same_fuzzy_logic_controller.cpp:411:32:[m[K [01;31m[Kerror: [m[Kâ€˜[01m[Kcritic[m[Kâ€™ has not been declared
[2.348s]   411 |   for (TrajectoryCritic::Ptr & [01;31m[Kcritic[m[K : critics_) {
[2.348s]       |                                [01;31m[K^~~~~~[m[K
[2.348s] [01m[K/home/pgarcia/Documents/GitHub/same_fuzzy_logic_controller/same_fuzzy_logic_controller/src/same_fuzzy_logic_controller.cpp:431:3:[m[K [01;31m[Kerror: [m[Kexpected primary-expression before â€˜[01m[Kreturn[m[Kâ€™
[2.348s]   431 |   [01;31m[Kreturn[m[K score;
[2.348s]       |   [01;31m[K^~~~~~[m[K
[2.349s] [01m[K/home/pgarcia/Documents/GitHub/same_fuzzy_logic_controller/same_fuzzy_logic_controller/src/same_fuzzy_logic_controller.cpp:429:4:[m[K [01;31m[Kerror: [m[Kexpected â€˜[01m[K;[m[Kâ€™ before â€˜[01m[Kreturn[m[Kâ€™
[2.349s]   429 |   }
[2.349s]       |    [01;31m[K^[m[K
[2.349s]       |    [32m[K;[m[K
[2.349s]   430 | 
[2.349s]   431 |   [32m[Kreturn[m[K score;
[2.349s]       |   [32m[K~~~~~~[m[K
[2.349s] [01m[K/home/pgarcia/Documents/GitHub/same_fuzzy_logic_controller/same_fuzzy_logic_controller/src/same_fuzzy_logic_controller.cpp:431:3:[m[K [01;31m[Kerror: [m[Kexpected primary-expression before â€˜[01m[Kreturn[m[Kâ€™
[2.349s]   431 |   [01;31m[Kreturn[m[K score;
[2.349s]       |   [01;31m[K^~~~~~[m[K
[2.349s] [01m[K/home/pgarcia/Documents/GitHub/same_fuzzy_logic_controller/same_fuzzy_logic_controller/src/same_fuzzy_logic_controller.cpp:429:4:[m[K [01;31m[Kerror: [m[Kexpected â€˜[01m[K)[m[Kâ€™ before â€˜[01m[Kreturn[m[Kâ€™
[2.349s]   429 |   }
[2.349s]       |    [01;31m[K^[m[K
[2.349s]       |    [32m[K)[m[K
[2.349s]   430 | 
[2.349s]   431 |   [32m[Kreturn[m[K score;
[2.349s]       |   [32m[K~~~~~~[m[K
[2.349s] [01m[K/home/pgarcia/Documents/GitHub/same_fuzzy_logic_controller/same_fuzzy_logic_controller/src/same_fuzzy_logic_controller.cpp:411:7:[m[K [01;36m[Knote: [m[Kto match this â€˜[01m[K([m[Kâ€™
[2.349s]   411 |   for [01;36m[K([m[KTrajectoryCritic::Ptr & critic : critics_) {
[2.349s]       |       [01;36m[K^[m[K
[2.349s] [01m[K/home/pgarcia/Documents/GitHub/same_fuzzy_logic_controller/same_fuzzy_logic_controller/src/same_fuzzy_logic_controller.cpp:406:10:[m[K [01;31m[Kerror: [m[Kunused parameter â€˜[01m[Kbest_score[m[Kâ€™ [[01;31m[K]8;;https://gcc.gnu.org/onlinedocs/gcc/Warning-Options.html#index-Wunused-parameter-Werror=unused-parameter]8;;[m[K]
[2.349s]   406 |   [01;31m[Kdouble best_score[m[K)
[2.349s]       |   [01;31m[K~~~~~~~^~~~~~~~~~[m[K
[3.540s] [01m[K/home/pgarcia/Documents/GitHub/same_fuzzy_logic_controller/same_fuzzy_logic_controller/src/same_fuzzy_logic_controller.cpp:[m[K In member function â€˜[01m[Kvirtual nav_2d_msgs::msg::Twist2DStamped same_fuzzy_logic_controller::SameFuzzyLogicController::computeVelocityCommands(const Pose2DStamped&, const Twist2D&, std::shared_ptr<dwb_msgs::msg::LocalPlanEvaluation_<std::allocator<void> > >&)[m[Kâ€™:
[3.540s] [01m[K/home/pgarcia/Documents/GitHub/same_fuzzy_logic_controller/same_fuzzy_logic_controller/src/same_fuzzy_logic_controller.cpp:333:1:[m[K [01;31m[Kerror: [m[Kcontrol reaches end of non-void function [[01;31m[K]8;;https://gcc.gnu.org/onlinedocs/gcc/Warning-Options.html#index-Wreturn-type-Werror=return-type]8;;[m[K]
[3.540s]   333 | [01;31m[K}[m[K
[3.540s]       | [01;31m[K^[m[K
[3.545s] [01m[K/home/pgarcia/Documents/GitHub/same_fuzzy_logic_controller/same_fuzzy_logic_controller/src/same_fuzzy_logic_controller.cpp:[m[K In member function â€˜[01m[Kvirtual dwb_msgs::msg::TrajectoryScore same_fuzzy_logic_controller::SameFuzzyLogicController::scoreTrajectory(const Trajectory2D&, double)[m[Kâ€™:
[3.545s] [01m[K/home/pgarcia/Documents/GitHub/same_fuzzy_logic_controller/same_fuzzy_logic_controller/src/same_fuzzy_logic_controller.cpp:432:1:[m[K [01;31m[Kerror: [m[Kcontrol reaches end of non-void function [[01;31m[K]8;;https://gcc.gnu.org/onlinedocs/gcc/Warning-Options.html#index-Wreturn-type-Werror=return-type]8;;[m[K]
[3.545s]   432 | [01;31m[K}[m[K
[3.545s]       | [01;31m[K^[m[K
[3.556s] cc1plus: all warnings being treated as errors
[3.568s] gmake[2]: *** [CMakeFiles/same_fuzzy_logic_controller.dir/build.make:76: CMakeFiles/same_fuzzy_logic_controller.dir/src/same_fuzzy_logic_controller.cpp.o] Error 1
[3.569s] gmake[1]: *** [CMakeFiles/Makefile2:137: CMakeFiles/same_fuzzy_logic_controller.dir/all] Error 2
[3.569s] gmake: *** [Makefile:146: all] Error 2
[3.570s] Invoked command in '/home/pgarcia/Documents/GitHub/same_fuzzy_logic_controller/build/same_fuzzy_logic_controller' returned '2': CMAKE_PREFIX_PATH=${CMAKE_PREFIX_PATH}:/home/pgarcia/ros2_ws/install/nav2_simple_commander:/opt/ros/rolling /usr/bin/cmake --build /home/pgarcia/Documents/GitHub/same_fuzzy_logic_controller/build/same_fuzzy_logic_controller -- -j8 -l8
