[35m[1mConsolidate compiler generated dependencies of target same_fuzzy_logic_controller[0m
[ 50%] [32mBuilding CXX object CMakeFiles/same_fuzzy_logic_controller.dir/src/same_fuzzy_logic_controller.cpp.o[0m
[01m[K/home/pgarcia/Documents/GitHub/same_fuzzy_logic_controller/same_fuzzy_logic_controller/src/same_fuzzy_logic_controller.cpp:[m[K In member function â€˜[01m[Kvirtual dwb_msgs::msg::TrajectoryScore same_fuzzy_logic_controller::SameFuzzyLogicController::coreScoringAlgorithm(const Pose2D&, nav_2d_msgs::msg::Twist2D, std::shared_ptr<dwb_msgs::msg::LocalPlanEvaluation_<std::allocator<void> > >&)[m[Kâ€™:
[01m[K/home/pgarcia/Documents/GitHub/same_fuzzy_logic_controller/same_fuzzy_logic_controller/src/same_fuzzy_logic_controller.cpp:346:3:[m[K [01;31m[Kerror: [m[Kâ€˜[01m[KIllegalTrajectoryTracker[m[Kâ€™ was not declared in this scope; did you mean â€˜[01m[Kdwb_core::IllegalTrajectoryTracker[m[Kâ€™?
  346 |   [01;31m[KIllegalTrajectoryTracker[m[K tracker;
      |   [01;31m[K^~~~~~~~~~~~~~~~~~~~~~~~[m[K
      |   [32m[Kdwb_core::IllegalTrajectoryTracker[m[K
In file included from [01m[K/home/pgarcia/Documents/GitHub/same_fuzzy_logic_controller/same_fuzzy_logic_controller/src/same_fuzzy_logic_controller.cpp:23[m[K:
[01m[K/home/pgarcia/Documents/GitHub/same_fuzzy_logic_controller/same_fuzzy_logic_controller/include/dwb_core/illegal_trajectory_tracker.hpp:46:7:[m[K [01;36m[Knote: [m[Kâ€˜[01m[Kdwb_core::IllegalTrajectoryTracker[m[Kâ€™ declared here
   46 | class [01;36m[KIllegalTrajectoryTracker[m[K
      |       [01;36m[K^~~~~~~~~~~~~~~~~~~~~~~~[m[K
[01m[K/home/pgarcia/Documents/GitHub/same_fuzzy_logic_controller/same_fuzzy_logic_controller/src/same_fuzzy_logic_controller.cpp:355:7:[m[K [01;31m[Kerror: [m[Kâ€˜[01m[Ktracker[m[Kâ€™ was not declared in this scope
  355 |       [01;31m[Ktracker[m[K.addLegalTrajectory();
      |       [01;31m[K^~~~~~~[m[K
[01m[K/home/pgarcia/Documents/GitHub/same_fuzzy_logic_controller/same_fuzzy_logic_controller/src/same_fuzzy_logic_controller.cpp:383:7:[m[K [01;31m[Kerror: [m[Kâ€˜[01m[Ktracker[m[Kâ€™ was not declared in this scope
  383 |       [01;31m[Ktracker[m[K.addIllegalTrajectory(e);
      |       [01;31m[K^~~~~~~[m[K
In file included from [01m[K/opt/ros/rolling/include/rclcpp/rclcpp/logging.hpp:24[m[K,
                 from [01m[K/opt/ros/rolling/include/rclcpp/rclcpp/client.hpp:40[m[K,
                 from [01m[K/opt/ros/rolling/include/rclcpp/rclcpp/callback_group.hpp:24[m[K,
                 from [01m[K/opt/ros/rolling/include/rclcpp_lifecycle/rclcpp_lifecycle/lifecycle_node.hpp:56[m[K,
                 from [01m[K/home/pgarcia/ros2_ws/install/nav2_costmap_2d/include/nav2_costmap_2d/costmap_2d_publisher.hpp:46[m[K,
                 from [01m[K/home/pgarcia/ros2_ws/install/nav2_costmap_2d/include/nav2_costmap_2d/costmap_2d_ros.hpp:48[m[K,
                 from [01m[K/home/pgarcia/ros2_ws/install/nav2_core/include/nav2_core/controller.hpp:42[m[K,
                 from [01m[K/home/pgarcia/Documents/GitHub/same_fuzzy_logic_controller/same_fuzzy_logic_controller/include/same_fuzzy_logic_controller/same_fuzzy_logic_controller.hpp:22[m[K,
                 from [01m[K/home/pgarcia/Documents/GitHub/same_fuzzy_logic_controller/same_fuzzy_logic_controller/src/same_fuzzy_logic_controller.cpp:21[m[K:
[01m[K/home/pgarcia/Documents/GitHub/same_fuzzy_logic_controller/same_fuzzy_logic_controller/src/same_fuzzy_logic_controller.cpp:389:74:[m[K [01;31m[Kerror: [m[Kâ€˜[01m[Ktracker[m[Kâ€™ was not declared in this scope
  389 |       RCLCPP_ERROR(rclcpp::get_logger("SameFuzzyLogicController"), "%s", [01;31m[Ktracker[m[K.getMessage().c_str());
      |                                                                          [01;31m[K^~~~~~~[m[K
[01m[K/home/pgarcia/Documents/GitHub/same_fuzzy_logic_controller/same_fuzzy_logic_controller/src/same_fuzzy_logic_controller.cpp:390:29:[m[K [01;31m[Kerror: [m[Kâ€˜[01m[Ktracker[m[Kâ€™ was not declared in this scope
  390 |       for (auto const & x : [01;31m[Ktracker[m[K.getPercentages()) {
      |                             [01;31m[K^~~~~~~[m[K
[01m[K/home/pgarcia/Documents/GitHub/same_fuzzy_logic_controller/same_fuzzy_logic_controller/src/same_fuzzy_logic_controller.cpp:397:40:[m[K [01;31m[Kerror: [m[Kâ€˜[01m[Ktracker[m[Kâ€™ was not declared in this scope
  397 |     throw NoLegalTrajectoriesException([01;31m[Ktracker[m[K);
      |                                        [01;31m[K^~~~~~~[m[K
[01m[K/home/pgarcia/Documents/GitHub/same_fuzzy_logic_controller/same_fuzzy_logic_controller/src/same_fuzzy_logic_controller.cpp:397:11:[m[K [01;31m[Kerror: [m[Kâ€˜[01m[KNoLegalTrajectoriesException[m[Kâ€™ was not declared in this scope; did you mean â€˜[01m[Kdwb_core::NoLegalTrajectoriesException[m[Kâ€™?
  397 |     throw [01;31m[KNoLegalTrajectoriesException[m[K(tracker);
      |           [01;31m[K^~~~~~~~~~~~~~~~~~~~~~~~~~~~[m[K
      |           [32m[Kdwb_core::NoLegalTrajectoriesException[m[K
In file included from [01m[K/home/pgarcia/Documents/GitHub/same_fuzzy_logic_controller/same_fuzzy_logic_controller/src/same_fuzzy_logic_controller.cpp:23[m[K:
[01m[K/home/pgarcia/Documents/GitHub/same_fuzzy_logic_controller/same_fuzzy_logic_controller/include/dwb_core/illegal_trajectory_tracker.hpp:68:7:[m[K [01;36m[Knote: [m[Kâ€˜[01m[Kdwb_core::NoLegalTrajectoriesException[m[Kâ€™ declared here
   68 | class [01;36m[KNoLegalTrajectoriesException[m[K
      |       [01;36m[K^~~~~~~~~~~~~~~~~~~~~~~~~~~~[m[K
gmake[2]: *** [CMakeFiles/same_fuzzy_logic_controller.dir/build.make:76: CMakeFiles/same_fuzzy_logic_controller.dir/src/same_fuzzy_logic_controller.cpp.o] Error 1
gmake[1]: *** [CMakeFiles/Makefile2:137: CMakeFiles/same_fuzzy_logic_controller.dir/all] Error 2
gmake: *** [Makefile:146: all] Error 2
