[35m[1mConsolidate compiler generated dependencies of target same_fuzzy_logic_controller[0m
[ 50%] [32mBuilding CXX object CMakeFiles/same_fuzzy_logic_controller.dir/src/same_fuzzy_logic_controller.cpp.o[0m
[01m[K/home/pgarcia/Documents/GitHub/same_fuzzy_logic_controller/same_fuzzy_logic_controller/src/same_fuzzy_logic_controller.cpp:[m[K In member function â€˜[01m[Kvirtual void same_fuzzy_logic_controller::SameFuzzyLogicController::configure(const WeakPtr&, std::string, std::shared_ptr<tf2_ros::Buffer>, std::shared_ptr<nav2_costmap_2d::Costmap2DROS>)[m[Kâ€™:
[01m[K/home/pgarcia/Documents/GitHub/same_fuzzy_logic_controller/same_fuzzy_logic_controller/src/same_fuzzy_logic_controller.cpp:105:27:[m[K [01;31m[Kerror: [m[Kâ€˜[01m[KDWBPublisher[m[Kâ€™ was not declared in this scope; did you mean â€˜[01m[Kdwb_core::DWBPublisher[m[Kâ€™?
  105 |   pub_ = std::make_unique<[01;31m[KDWBPublisher[m[K>(node, dwb_plugin_name_);
      |                           [01;31m[K^~~~~~~~~~~~[m[K
      |                           [32m[Kdwb_core::DWBPublisher[m[K
In file included from [01m[K/home/pgarcia/Documents/GitHub/same_fuzzy_logic_controller/same_fuzzy_logic_controller/include/same_fuzzy_logic_controller/same_fuzzy_logic_controller.hpp:24[m[K,
                 from [01m[K/home/pgarcia/Documents/GitHub/same_fuzzy_logic_controller/same_fuzzy_logic_controller/src/same_fuzzy_logic_controller.cpp:21[m[K:
[01m[K/home/pgarcia/Documents/GitHub/same_fuzzy_logic_controller/same_fuzzy_logic_controller/include/dwb_core/publisher.hpp:69:7:[m[K [01;36m[Knote: [m[Kâ€˜[01m[Kdwb_core::DWBPublisher[m[Kâ€™ declared here
   69 | class [01;36m[KDWBPublisher[m[K
      |       [01;36m[K^~~~~~~~~~~~[m[K
[01m[K/home/pgarcia/Documents/GitHub/same_fuzzy_logic_controller/same_fuzzy_logic_controller/src/same_fuzzy_logic_controller.cpp:105:40:[m[K [01;31m[Kerror: [m[Kno matching function for call to â€˜[01m[Kmake_unique<<expression error> >(std::shared_ptr<rclcpp_lifecycle::LifecycleNode>&, std::string&)[m[Kâ€™
  105 |   pub_ = [01;31m[Kstd::make_unique<DWBPublisher>(node, dwb_plugin_name_)[m[K;
      |          [01;31m[K~~~~~~~~~~~~~~~~~~~~~~~~~~~~~~^~~~~~~~~~~~~~~~~~~~~~~~[m[K
In file included from [01m[K/usr/include/c++/11/memory:76[m[K,
                 from [01m[K/home/pgarcia/Documents/GitHub/same_fuzzy_logic_controller/same_fuzzy_logic_controller/src/same_fuzzy_logic_controller.cpp:16[m[K:
[01m[K/usr/include/c++/11/bits/unique_ptr.h:961:5:[m[K [01;36m[Knote: [m[Kcandidate: â€˜[01m[Ktemplate<class _Tp, class ... _Args> typename std::_MakeUniq<_Tp>::__single_object std::make_unique(_Args&& ...)[m[Kâ€™
  961 |     [01;36m[Kmake_unique[m[K(_Args&&... __args)
      |     [01;36m[K^~~~~~~~~~~[m[K
[01m[K/usr/include/c++/11/bits/unique_ptr.h:961:5:[m[K [01;36m[Knote: [m[K  template argument deduction/substitution failed:
[01m[K/home/pgarcia/Documents/GitHub/same_fuzzy_logic_controller/same_fuzzy_logic_controller/src/same_fuzzy_logic_controller.cpp:105:40:[m[K [01;31m[Kerror: [m[Ktemplate argument 1 is invalid
  105 |   pub_ = [01;31m[Kstd::make_unique<DWBPublisher>(node, dwb_plugin_name_)[m[K;
      |          [01;31m[K~~~~~~~~~~~~~~~~~~~~~~~~~~~~~~^~~~~~~~~~~~~~~~~~~~~~~~[m[K
In file included from [01m[K/usr/include/c++/11/memory:76[m[K,
                 from [01m[K/home/pgarcia/Documents/GitHub/same_fuzzy_logic_controller/same_fuzzy_logic_controller/src/same_fuzzy_logic_controller.cpp:16[m[K:
[01m[K/usr/include/c++/11/bits/unique_ptr.h:967:5:[m[K [01;36m[Knote: [m[Kcandidate: â€˜[01m[Ktemplate<class _Tp> typename std::_MakeUniq<_Tp>::__array std::make_unique(std::size_t)[m[Kâ€™
  967 |     [01;36m[Kmake_unique[m[K(size_t __num)
      |     [01;36m[K^~~~~~~~~~~[m[K
[01m[K/usr/include/c++/11/bits/unique_ptr.h:967:5:[m[K [01;36m[Knote: [m[K  template argument deduction/substitution failed:
[01m[K/home/pgarcia/Documents/GitHub/same_fuzzy_logic_controller/same_fuzzy_logic_controller/src/same_fuzzy_logic_controller.cpp:105:40:[m[K [01;31m[Kerror: [m[Ktemplate argument 1 is invalid
  105 |   pub_ = [01;31m[Kstd::make_unique<DWBPublisher>(node, dwb_plugin_name_)[m[K;
      |          [01;31m[K~~~~~~~~~~~~~~~~~~~~~~~~~~~~~~^~~~~~~~~~~~~~~~~~~~~~~~[m[K
In file included from [01m[K/usr/include/c++/11/memory:76[m[K,
                 from [01m[K/home/pgarcia/Documents/GitHub/same_fuzzy_logic_controller/same_fuzzy_logic_controller/src/same_fuzzy_logic_controller.cpp:16[m[K:
[01m[K/usr/include/c++/11/bits/unique_ptr.h:973:5:[m[K [01;36m[Knote: [m[Kcandidate: â€˜[01m[Ktemplate<class _Tp, class ... _Args> typename std::_MakeUniq<_Tp>::__invalid_type std::make_unique(_Args&& ...)[m[Kâ€™ (deleted)
  973 |     [01;36m[Kmake_unique[m[K(_Args&&...) = delete;
      |     [01;36m[K^~~~~~~~~~~[m[K
[01m[K/usr/include/c++/11/bits/unique_ptr.h:973:5:[m[K [01;36m[Knote: [m[K  template argument deduction/substitution failed:
[01m[K/home/pgarcia/Documents/GitHub/same_fuzzy_logic_controller/same_fuzzy_logic_controller/src/same_fuzzy_logic_controller.cpp:105:40:[m[K [01;31m[Kerror: [m[Ktemplate argument 1 is invalid
  105 |   pub_ = [01;31m[Kstd::make_unique<DWBPublisher>(node, dwb_plugin_name_)[m[K;
      |          [01;31m[K~~~~~~~~~~~~~~~~~~~~~~~~~~~~~~^~~~~~~~~~~~~~~~~~~~~~~~[m[K
[01m[K/home/pgarcia/Documents/GitHub/same_fuzzy_logic_controller/same_fuzzy_logic_controller/src/same_fuzzy_logic_controller.cpp:[m[K In member function â€˜[01m[Kvirtual void same_fuzzy_logic_controller::SameFuzzyLogicController::loadCritics()[m[Kâ€™:
[01m[K/home/pgarcia/Documents/GitHub/same_fuzzy_logic_controller/same_fuzzy_logic_controller/src/same_fuzzy_logic_controller.cpp:190:5:[m[K [01;31m[Kerror: [m[Kâ€˜[01m[KTrajectoryCritic[m[Kâ€™ has not been declared
  190 |     [01;31m[KTrajectoryCritic[m[K::Ptr plugin = critic_loader_.createUniqueInstance(plugin_class);
      |     [01;31m[K^~~~~~~~~~~~~~~~[m[K
[01m[K/home/pgarcia/Documents/GitHub/same_fuzzy_logic_controller/same_fuzzy_logic_controller/src/same_fuzzy_logic_controller.cpp:194:24:[m[K [01;31m[Kerror: [m[Kâ€˜[01m[Kplugin[m[Kâ€™ was not declared in this scope; did you mean â€˜[01m[Kpluginlib[m[Kâ€™?
  194 |     critics_.push_back([01;31m[Kplugin[m[K);
      |                        [01;31m[K^~~~~~[m[K
      |                        [32m[Kpluginlib[m[K
[01m[K/home/pgarcia/Documents/GitHub/same_fuzzy_logic_controller/same_fuzzy_logic_controller/src/same_fuzzy_logic_controller.cpp:[m[K In member function â€˜[01m[Kvirtual void same_fuzzy_logic_controller::SameFuzzyLogicController::setPlan(const Path&)[m[Kâ€™:
[01m[K/home/pgarcia/Documents/GitHub/same_fuzzy_logic_controller/same_fuzzy_logic_controller/src/same_fuzzy_logic_controller.cpp:211:8:[m[K [01;31m[Kerror: [m[Kâ€˜[01m[KTrajectoryCritic[m[Kâ€™ has not been declared
  211 |   for ([01;31m[KTrajectoryCritic[m[K::Ptr & critic : critics_) {
      |        [01;31m[K^~~~~~~~~~~~~~~~[m[K
[01m[K/home/pgarcia/Documents/GitHub/same_fuzzy_logic_controller/same_fuzzy_logic_controller/src/same_fuzzy_logic_controller.cpp:211:39:[m[K [01;31m[Kerror: [m[Kfound â€˜[01m[K:[m[Kâ€™ in nested-name-specifier, expected â€˜[01m[K::[m[Kâ€™
  211 |   for (TrajectoryCritic::Ptr & critic [01;31m[K:[m[K critics_) {
      |                                       [01;31m[K^[m[K
      |                                       [32m[K::[m[K
[01m[K/home/pgarcia/Documents/GitHub/same_fuzzy_logic_controller/same_fuzzy_logic_controller/src/same_fuzzy_logic_controller.cpp:211:32:[m[K [01;31m[Kerror: [m[Kâ€˜[01m[Kcritic[m[Kâ€™ has not been declared
  211 |   for (TrajectoryCritic::Ptr & [01;31m[Kcritic[m[K : critics_) {
      |                                [01;31m[K^~~~~~[m[K
[01m[K/home/pgarcia/Documents/GitHub/same_fuzzy_logic_controller/same_fuzzy_logic_controller/src/same_fuzzy_logic_controller.cpp:215:25:[m[K [01;31m[Kerror: [m[Kcould not convert â€˜[01m[K((std::__shared_ptr_access<dwb_core::TrajectoryGenerator, __gnu_cxx::_S_atomic, false, false>*)(&((same_fuzzy_logic_controller::SameFuzzyLogicController*)this)->same_fuzzy_logic_controller::SameFuzzyLogicController::traj_generator_))->std::__shared_ptr_access<dwb_core::TrajectoryGenerator, __gnu_cxx::_S_atomic, false, false>::operator->()->dwb_core::TrajectoryGenerator::reset()[m[Kâ€™ from â€˜[01m[Kvoid[m[Kâ€™ to â€˜[01m[Kbool[m[Kâ€™
  215 |   [01;31m[Ktraj_generator_->reset()[m[K;
      |   [01;31m[K~~~~~~~~~~~~~~~~~~~~~~^~[m[K
      |                         [01;31m[K|[m[K
      |                         [01;31m[Kvoid[m[K
[01m[K/home/pgarcia/Documents/GitHub/same_fuzzy_logic_controller/same_fuzzy_logic_controller/src/same_fuzzy_logic_controller.cpp:217:34:[m[K [01;31m[Kerror: [m[Kexpected â€˜[01m[K)[m[Kâ€™ before â€˜[01m[K;[m[Kâ€™ token
  217 |   pub_->publishGlobalPlan(path2d)[01;31m[K;[m[K
      |                                  [01;31m[K^[m[K
      |                                  [32m[K)[m[K
[01m[K/home/pgarcia/Documents/GitHub/same_fuzzy_logic_controller/same_fuzzy_logic_controller/src/same_fuzzy_logic_controller.cpp:211:7:[m[K [01;36m[Knote: [m[Kto match this â€˜[01m[K([m[Kâ€™
  211 |   for [01;36m[K([m[KTrajectoryCritic::Ptr & critic : critics_) {
      |       [01;36m[K^[m[K
[01m[K/home/pgarcia/Documents/GitHub/same_fuzzy_logic_controller/same_fuzzy_logic_controller/src/same_fuzzy_logic_controller.cpp:[m[K In member function â€˜[01m[Kvirtual nav_2d_msgs::msg::Twist2DStamped same_fuzzy_logic_controller::SameFuzzyLogicController::computeVelocityCommands(const Pose2DStamped&, const Twist2D&, std::shared_ptr<dwb_msgs::msg::LocalPlanEvaluation_<std::allocator<void> > >&)[m[Kâ€™:
[01m[K/home/pgarcia/Documents/GitHub/same_fuzzy_logic_controller/same_fuzzy_logic_controller/src/same_fuzzy_logic_controller.cpp:291:8:[m[K [01;31m[Kerror: [m[Kâ€˜[01m[KTrajectoryCritic[m[Kâ€™ has not been declared
  291 |   for ([01;31m[KTrajectoryCritic[m[K::Ptr & critic : critics_) {
      |        [01;31m[K^~~~~~~~~~~~~~~~[m[K
[01m[K/home/pgarcia/Documents/GitHub/same_fuzzy_logic_controller/same_fuzzy_logic_controller/src/same_fuzzy_logic_controller.cpp:291:39:[m[K [01;31m[Kerror: [m[Kfound â€˜[01m[K:[m[Kâ€™ in nested-name-specifier, expected â€˜[01m[K::[m[Kâ€™
  291 |   for (TrajectoryCritic::Ptr & critic [01;31m[K:[m[K critics_) {
      |                                       [01;31m[K^[m[K
      |                                       [32m[K::[m[K
[01m[K/home/pgarcia/Documents/GitHub/same_fuzzy_logic_controller/same_fuzzy_logic_controller/src/same_fuzzy_logic_controller.cpp:291:32:[m[K [01;31m[Kerror: [m[Kâ€˜[01m[Kcritic[m[Kâ€™ has not been declared
  291 |   for (TrajectoryCritic::Ptr & [01;31m[Kcritic[m[K : critics_) {
      |                                [01;31m[K^~~~~~[m[K
[01m[K/home/pgarcia/Documents/GitHub/same_fuzzy_logic_controller/same_fuzzy_logic_controller/src/same_fuzzy_logic_controller.cpp:297:3:[m[K [01;31m[Kerror: [m[Kexpected primary-expression before â€˜[01m[Ktry[m[Kâ€™
  297 |   [01;31m[Ktry[m[K {
      |   [01;31m[K^~~[m[K
[01m[K/home/pgarcia/Documents/GitHub/same_fuzzy_logic_controller/same_fuzzy_logic_controller/src/same_fuzzy_logic_controller.cpp:295:4:[m[K [01;31m[Kerror: [m[Kexpected â€˜[01m[K;[m[Kâ€™ before â€˜[01m[Ktry[m[Kâ€™
  295 |   }
      |    [01;31m[K^[m[K
      |    [32m[K;[m[K
  296 | 
  297 |   [32m[Ktry[m[K {
      |   [32m[K~~~[m[K
[01m[K/home/pgarcia/Documents/GitHub/same_fuzzy_logic_controller/same_fuzzy_logic_controller/src/same_fuzzy_logic_controller.cpp:297:3:[m[K [01;31m[Kerror: [m[Kexpected primary-expression before â€˜[01m[Ktry[m[Kâ€™
  297 |   [01;31m[Ktry[m[K {
      |   [01;31m[K^~~[m[K
[01m[K/home/pgarcia/Documents/GitHub/same_fuzzy_logic_controller/same_fuzzy_logic_controller/src/same_fuzzy_logic_controller.cpp:295:4:[m[K [01;31m[Kerror: [m[Kexpected â€˜[01m[K)[m[Kâ€™ before â€˜[01m[Ktry[m[Kâ€™
  295 |   }
      |    [01;31m[K^[m[K
      |    [32m[K)[m[K
  296 | 
  297 |   [32m[Ktry[m[K {
      |   [32m[K~~~[m[K
[01m[K/home/pgarcia/Documents/GitHub/same_fuzzy_logic_controller/same_fuzzy_logic_controller/src/same_fuzzy_logic_controller.cpp:291:7:[m[K [01;36m[Knote: [m[Kto match this â€˜[01m[K([m[Kâ€™
  291 |   for [01;36m[K([m[KTrajectoryCritic::Ptr & critic : critics_) {
      |       [01;36m[K^[m[K
[01m[K/home/pgarcia/Documents/GitHub/same_fuzzy_logic_controller/same_fuzzy_logic_controller/src/same_fuzzy_logic_controller.cpp:306:10:[m[K [01;31m[Kerror: [m[Kâ€˜[01m[KTrajectoryCritic[m[Kâ€™ has not been declared
  306 |     for ([01;31m[KTrajectoryCritic[m[K::Ptr & critic : critics_) {
      |          [01;31m[K^~~~~~~~~~~~~~~~[m[K
[01m[K/home/pgarcia/Documents/GitHub/same_fuzzy_logic_controller/same_fuzzy_logic_controller/src/same_fuzzy_logic_controller.cpp:306:41:[m[K [01;31m[Kerror: [m[Kfound â€˜[01m[K:[m[Kâ€™ in nested-name-specifier, expected â€˜[01m[K::[m[Kâ€™
  306 |     for (TrajectoryCritic::Ptr & critic [01;31m[K:[m[K critics_) {
      |                                         [01;31m[K^[m[K
      |                                         [32m[K::[m[K
[01m[K/home/pgarcia/Documents/GitHub/same_fuzzy_logic_controller/same_fuzzy_logic_controller/src/same_fuzzy_logic_controller.cpp:306:34:[m[K [01;31m[Kerror: [m[Kâ€˜[01m[Kcritic[m[Kâ€™ has not been declared
  306 |     for (TrajectoryCritic::Ptr & [01;31m[Kcritic[m[K : critics_) {
      |                                  [01;31m[K^~~~~~[m[K
[01m[K/home/pgarcia/Documents/GitHub/same_fuzzy_logic_controller/same_fuzzy_logic_controller/src/same_fuzzy_logic_controller.cpp:310:16:[m[K [01;31m[Kerror: [m[Kcould not convert â€˜[01m[Klock.std::unique_lock<std::recursive_mutex>::unlock()[m[Kâ€™ from â€˜[01m[Kvoid[m[Kâ€™ to â€˜[01m[Kbool[m[Kâ€™
  310 |     [01;31m[Klock.unlock()[m[K;
      |     [01;31m[K~~~~~~~~~~~^~[m[K
      |                [01;31m[K|[m[K
      |                [01;31m[Kvoid[m[K
[01m[K/home/pgarcia/Documents/GitHub/same_fuzzy_logic_controller/same_fuzzy_logic_controller/src/same_fuzzy_logic_controller.cpp:312:51:[m[K [01;31m[Kerror: [m[Kexpected â€˜[01m[K)[m[Kâ€™ before â€˜[01m[K;[m[Kâ€™ token
  312 |     pub_->publishLocalPlan(pose.header, best.traj)[01;31m[K;[m[K
      |                                                   [01;31m[K^[m[K
      |                                                   [32m[K)[m[K
[01m[K/home/pgarcia/Documents/GitHub/same_fuzzy_logic_controller/same_fuzzy_logic_controller/src/same_fuzzy_logic_controller.cpp:306:9:[m[K [01;36m[Knote: [m[Kto match this â€˜[01m[K([m[Kâ€™
  306 |     for [01;36m[K([m[KTrajectoryCritic::Ptr & critic : critics_) {
      |         [01;36m[K^[m[K
[01m[K/home/pgarcia/Documents/GitHub/same_fuzzy_logic_controller/same_fuzzy_logic_controller/src/same_fuzzy_logic_controller.cpp:320:10:[m[K [01;31m[Kerror: [m[Kâ€˜[01m[KTrajectoryCritic[m[Kâ€™ has not been declared
  320 |     for ([01;31m[KTrajectoryCritic[m[K::Ptr & critic : critics_) {
      |          [01;31m[K^~~~~~~~~~~~~~~~[m[K
[01m[K/home/pgarcia/Documents/GitHub/same_fuzzy_logic_controller/same_fuzzy_logic_controller/src/same_fuzzy_logic_controller.cpp:320:41:[m[K [01;31m[Kerror: [m[Kfound â€˜[01m[K:[m[Kâ€™ in nested-name-specifier, expected â€˜[01m[K::[m[Kâ€™
  320 |     for (TrajectoryCritic::Ptr & critic [01;31m[K:[m[K critics_) {
      |                                         [01;31m[K^[m[K
      |                                         [32m[K::[m[K
[01m[K/home/pgarcia/Documents/GitHub/same_fuzzy_logic_controller/same_fuzzy_logic_controller/src/same_fuzzy_logic_controller.cpp:320:34:[m[K [01;31m[Kerror: [m[Kâ€˜[01m[Kcritic[m[Kâ€™ has not been declared
  320 |     for (TrajectoryCritic::Ptr & [01;31m[Kcritic[m[K : critics_) {
      |                                  [01;31m[K^~~~~~[m[K
[01m[K/home/pgarcia/Documents/GitHub/same_fuzzy_logic_controller/same_fuzzy_logic_controller/src/same_fuzzy_logic_controller.cpp:324:16:[m[K [01;31m[Kerror: [m[Kcould not convert â€˜[01m[Klock.std::unique_lock<std::recursive_mutex>::unlock()[m[Kâ€™ from â€˜[01m[Kvoid[m[Kâ€™ to â€˜[01m[Kbool[m[Kâ€™
  324 |     [01;31m[Klock.unlock()[m[K;
      |     [01;31m[K~~~~~~~~~~~^~[m[K
      |                [01;31m[K|[m[K
      |                [01;31m[Kvoid[m[K
[01m[K/home/pgarcia/Documents/GitHub/same_fuzzy_logic_controller/same_fuzzy_logic_controller/src/same_fuzzy_logic_controller.cpp:326:52:[m[K [01;31m[Kerror: [m[Kexpected â€˜[01m[K)[m[Kâ€™ before â€˜[01m[K;[m[Kâ€™ token
  326 |     pub_->publishLocalPlan(pose.header, empty_traj)[01;31m[K;[m[K
      |                                                    [01;31m[K^[m[K
      |                                                    [32m[K)[m[K
[01m[K/home/pgarcia/Documents/GitHub/same_fuzzy_logic_controller/same_fuzzy_logic_controller/src/same_fuzzy_logic_controller.cpp:320:9:[m[K [01;36m[Knote: [m[Kto match this â€˜[01m[K([m[Kâ€™
  320 |     for [01;36m[K([m[KTrajectoryCritic::Ptr & critic : critics_) {
      |         [01;36m[K^[m[K
[01m[K/home/pgarcia/Documents/GitHub/same_fuzzy_logic_controller/same_fuzzy_logic_controller/src/same_fuzzy_logic_controller.cpp:[m[K In member function â€˜[01m[Kvirtual dwb_msgs::msg::TrajectoryScore same_fuzzy_logic_controller::SameFuzzyLogicController::coreScoringAlgorithm(const Pose2D&, nav_2d_msgs::msg::Twist2D, std::shared_ptr<dwb_msgs::msg::LocalPlanEvaluation_<std::allocator<void> > >&)[m[Kâ€™:
[01m[K/home/pgarcia/Documents/GitHub/same_fuzzy_logic_controller/same_fuzzy_logic_controller/src/same_fuzzy_logic_controller.cpp:346:3:[m[K [01;31m[Kerror: [m[Kâ€˜[01m[KIllegalTrajectoryTracker[m[Kâ€™ was not declared in this scope; did you mean â€˜[01m[Kdwb_core::IllegalTrajectoryTracker[m[Kâ€™?
  346 |   [01;31m[KIllegalTrajectoryTracker[m[K tracker;
      |   [01;31m[K^~~~~~~~~~~~~~~~~~~~~~~~[m[K
      |   [32m[Kdwb_core::IllegalTrajectoryTracker[m[K
In file included from [01m[K/home/pgarcia/Documents/GitHub/same_fuzzy_logic_controller/same_fuzzy_logic_controller/src/same_fuzzy_logic_controller.cpp:23[m[K:
[01m[K/home/pgarcia/Documents/GitHub/same_fuzzy_logic_controller/same_fuzzy_logic_controller/include/dwb_core/illegal_trajectory_tracker.hpp:46:7:[m[K [01;36m[Knote: [m[Kâ€˜[01m[Kdwb_core::IllegalTrajectoryTracker[m[Kâ€™ declared here
   46 | class [01;36m[KIllegalTrajectoryTracker[m[K
      |       [01;36m[K^~~~~~~~~~~~~~~~~~~~~~~~[m[K
[01m[K/home/pgarcia/Documents/GitHub/same_fuzzy_logic_controller/same_fuzzy_logic_controller/src/same_fuzzy_logic_controller.cpp:355:7:[m[K [01;31m[Kerror: [m[Kâ€˜[01m[Ktracker[m[Kâ€™ was not declared in this scope
  355 |       [01;31m[Ktracker[m[K.addLegalTrajectory();
      |       [01;31m[K^~~~~~~[m[K
[01m[K/home/pgarcia/Documents/GitHub/same_fuzzy_logic_controller/same_fuzzy_logic_controller/src/same_fuzzy_logic_controller.cpp:383:7:[m[K [01;31m[Kerror: [m[Kâ€˜[01m[Ktracker[m[Kâ€™ was not declared in this scope
  383 |       [01;31m[Ktracker[m[K.addIllegalTrajectory(e);
      |       [01;31m[K^~~~~~~[m[K
In file included from [01m[K/opt/ros/rolling/include/rclcpp/rclcpp/logging.hpp:24[m[K,
                 from [01m[K/opt/ros/rolling/include/rclcpp/rclcpp/client.hpp:40[m[K,
                 from [01m[K/opt/ros/rolling/include/rclcpp/rclcpp/callback_group.hpp:24[m[K,
                 from [01m[K/opt/ros/rolling/include/rclcpp_lifecycle/rclcpp_lifecycle/lifecycle_node.hpp:56[m[K,
                 from [01m[K/home/pgarcia/ros2_ws/install/nav2_costmap_2d/include/nav2_costmap_2d/costmap_2d_publisher.hpp:46[m[K,
                 from [01m[K/home/pgarcia/ros2_ws/install/nav2_costmap_2d/include/nav2_costmap_2d/costmap_2d_ros.hpp:48[m[K,
                 from [01m[K/home/pgarcia/ros2_ws/install/nav2_core/include/nav2_core/controller.hpp:42[m[K,
                 from [01m[K/home/pgarcia/Documents/GitHub/same_fuzzy_logic_controller/same_fuzzy_logic_controller/include/same_fuzzy_logic_controller/same_fuzzy_logic_controller.hpp:22[m[K,
                 from [01m[K/home/pgarcia/Documents/GitHub/same_fuzzy_logic_controller/same_fuzzy_logic_controller/src/same_fuzzy_logic_controller.cpp:21[m[K:
[01m[K/home/pgarcia/Documents/GitHub/same_fuzzy_logic_controller/same_fuzzy_logic_controller/src/same_fuzzy_logic_controller.cpp:389:74:[m[K [01;31m[Kerror: [m[Kâ€˜[01m[Ktracker[m[Kâ€™ was not declared in this scope
  389 |       RCLCPP_ERROR(rclcpp::get_logger("SameFuzzyLogicController"), "%s", [01;31m[Ktracker[m[K.getMessage().c_str());
      |                                                                          [01;31m[K^~~~~~~[m[K
[01m[K/home/pgarcia/Documents/GitHub/same_fuzzy_logic_controller/same_fuzzy_logic_controller/src/same_fuzzy_logic_controller.cpp:390:29:[m[K [01;31m[Kerror: [m[Kâ€˜[01m[Ktracker[m[Kâ€™ was not declared in this scope
  390 |       for (auto const & x : [01;31m[Ktracker[m[K.getPercentages()) {
      |                             [01;31m[K^~~~~~~[m[K
[01m[K/home/pgarcia/Documents/GitHub/same_fuzzy_logic_controller/same_fuzzy_logic_controller/src/same_fuzzy_logic_controller.cpp:397:40:[m[K [01;31m[Kerror: [m[Kâ€˜[01m[Ktracker[m[Kâ€™ was not declared in this scope
  397 |     throw NoLegalTrajectoriesException([01;31m[Ktracker[m[K);
      |                                        [01;31m[K^~~~~~~[m[K
[01m[K/home/pgarcia/Documents/GitHub/same_fuzzy_logic_controller/same_fuzzy_logic_controller/src/same_fuzzy_logic_controller.cpp:397:11:[m[K [01;31m[Kerror: [m[Kâ€˜[01m[KNoLegalTrajectoriesException[m[Kâ€™ was not declared in this scope; did you mean â€˜[01m[Kdwb_core::NoLegalTrajectoriesException[m[Kâ€™?
  397 |     throw [01;31m[KNoLegalTrajectoriesException[m[K(tracker);
      |           [01;31m[K^~~~~~~~~~~~~~~~~~~~~~~~~~~~[m[K
      |           [32m[Kdwb_core::NoLegalTrajectoriesException[m[K
In file included from [01m[K/home/pgarcia/Documents/GitHub/same_fuzzy_logic_controller/same_fuzzy_logic_controller/src/same_fuzzy_logic_controller.cpp:23[m[K:
[01m[K/home/pgarcia/Documents/GitHub/same_fuzzy_logic_controller/same_fuzzy_logic_controller/include/dwb_core/illegal_trajectory_tracker.hpp:68:7:[m[K [01;36m[Knote: [m[Kâ€˜[01m[Kdwb_core::NoLegalTrajectoriesException[m[Kâ€™ declared here
   68 | class [01;36m[KNoLegalTrajectoriesException[m[K
      |       [01;36m[K^~~~~~~~~~~~~~~~~~~~~~~~~~~~[m[K
[01m[K/home/pgarcia/Documents/GitHub/same_fuzzy_logic_controller/same_fuzzy_logic_controller/src/same_fuzzy_logic_controller.cpp:[m[K In member function â€˜[01m[Kvirtual dwb_msgs::msg::TrajectoryScore same_fuzzy_logic_controller::SameFuzzyLogicController::scoreTrajectory(const Trajectory2D&, double)[m[Kâ€™:
[01m[K/home/pgarcia/Documents/GitHub/same_fuzzy_logic_controller/same_fuzzy_logic_controller/src/same_fuzzy_logic_controller.cpp:411:8:[m[K [01;31m[Kerror: [m[Kâ€˜[01m[KTrajectoryCritic[m[Kâ€™ has not been declared
  411 |   for ([01;31m[KTrajectoryCritic[m[K::Ptr & critic : critics_) {
      |        [01;31m[K^~~~~~~~~~~~~~~~[m[K
[01m[K/home/pgarcia/Documents/GitHub/same_fuzzy_logic_controller/same_fuzzy_logic_controller/src/same_fuzzy_logic_controller.cpp:411:39:[m[K [01;31m[Kerror: [m[Kfound â€˜[01m[K:[m[Kâ€™ in nested-name-specifier, expected â€˜[01m[K::[m[Kâ€™
  411 |   for (TrajectoryCritic::Ptr & critic [01;31m[K:[m[K critics_) {
      |                                       [01;31m[K^[m[K
      |                                       [32m[K::[m[K
[01m[K/home/pgarcia/Documents/GitHub/same_fuzzy_logic_controller/same_fuzzy_logic_controller/src/same_fuzzy_logic_controller.cpp:411:32:[m[K [01;31m[Kerror: [m[Kâ€˜[01m[Kcritic[m[Kâ€™ has not been declared
  411 |   for (TrajectoryCritic::Ptr & [01;31m[Kcritic[m[K : critics_) {
      |                                [01;31m[K^~~~~~[m[K
[01m[K/home/pgarcia/Documents/GitHub/same_fuzzy_logic_controller/same_fuzzy_logic_controller/src/same_fuzzy_logic_controller.cpp:431:3:[m[K [01;31m[Kerror: [m[Kexpected primary-expression before â€˜[01m[Kreturn[m[Kâ€™
  431 |   [01;31m[Kreturn[m[K score;
      |   [01;31m[K^~~~~~[m[K
[01m[K/home/pgarcia/Documents/GitHub/same_fuzzy_logic_controller/same_fuzzy_logic_controller/src/same_fuzzy_logic_controller.cpp:429:4:[m[K [01;31m[Kerror: [m[Kexpected â€˜[01m[K;[m[Kâ€™ before â€˜[01m[Kreturn[m[Kâ€™
  429 |   }
      |    [01;31m[K^[m[K
      |    [32m[K;[m[K
  430 | 
  431 |   [32m[Kreturn[m[K score;
      |   [32m[K~~~~~~[m[K
[01m[K/home/pgarcia/Documents/GitHub/same_fuzzy_logic_controller/same_fuzzy_logic_controller/src/same_fuzzy_logic_controller.cpp:431:3:[m[K [01;31m[Kerror: [m[Kexpected primary-expression before â€˜[01m[Kreturn[m[Kâ€™
  431 |   [01;31m[Kreturn[m[K score;
      |   [01;31m[K^~~~~~[m[K
[01m[K/home/pgarcia/Documents/GitHub/same_fuzzy_logic_controller/same_fuzzy_logic_controller/src/same_fuzzy_logic_controller.cpp:429:4:[m[K [01;31m[Kerror: [m[Kexpected â€˜[01m[K)[m[Kâ€™ before â€˜[01m[Kreturn[m[Kâ€™
  429 |   }
      |    [01;31m[K^[m[K
      |    [32m[K)[m[K
  430 | 
  431 |   [32m[Kreturn[m[K score;
      |   [32m[K~~~~~~[m[K
[01m[K/home/pgarcia/Documents/GitHub/same_fuzzy_logic_controller/same_fuzzy_logic_controller/src/same_fuzzy_logic_controller.cpp:411:7:[m[K [01;36m[Knote: [m[Kto match this â€˜[01m[K([m[Kâ€™
  411 |   for [01;36m[K([m[KTrajectoryCritic::Ptr & critic : critics_) {
      |       [01;36m[K^[m[K
[01m[K/home/pgarcia/Documents/GitHub/same_fuzzy_logic_controller/same_fuzzy_logic_controller/src/same_fuzzy_logic_controller.cpp:406:10:[m[K [01;31m[Kerror: [m[Kunused parameter â€˜[01m[Kbest_score[m[Kâ€™ [[01;31m[K]8;;https://gcc.gnu.org/onlinedocs/gcc/Warning-Options.html#index-Wunused-parameter-Werror=unused-parameter]8;;[m[K]
  406 |   [01;31m[Kdouble best_score[m[K)
      |   [01;31m[K~~~~~~~^~~~~~~~~~[m[K
[01m[K/home/pgarcia/Documents/GitHub/same_fuzzy_logic_controller/same_fuzzy_logic_controller/src/same_fuzzy_logic_controller.cpp:[m[K In member function â€˜[01m[Kvirtual nav_2d_msgs::msg::Twist2DStamped same_fuzzy_logic_controller::SameFuzzyLogicController::computeVelocityCommands(const Pose2DStamped&, const Twist2D&, std::shared_ptr<dwb_msgs::msg::LocalPlanEvaluation_<std::allocator<void> > >&)[m[Kâ€™:
[01m[K/home/pgarcia/Documents/GitHub/same_fuzzy_logic_controller/same_fuzzy_logic_controller/src/same_fuzzy_logic_controller.cpp:333:1:[m[K [01;31m[Kerror: [m[Kcontrol reaches end of non-void function [[01;31m[K]8;;https://gcc.gnu.org/onlinedocs/gcc/Warning-Options.html#index-Wreturn-type-Werror=return-type]8;;[m[K]
  333 | [01;31m[K}[m[K
      | [01;31m[K^[m[K
[01m[K/home/pgarcia/Documents/GitHub/same_fuzzy_logic_controller/same_fuzzy_logic_controller/src/same_fuzzy_logic_controller.cpp:[m[K In member function â€˜[01m[Kvirtual dwb_msgs::msg::TrajectoryScore same_fuzzy_logic_controller::SameFuzzyLogicController::scoreTrajectory(const Trajectory2D&, double)[m[Kâ€™:
[01m[K/home/pgarcia/Documents/GitHub/same_fuzzy_logic_controller/same_fuzzy_logic_controller/src/same_fuzzy_logic_controller.cpp:432:1:[m[K [01;31m[Kerror: [m[Kcontrol reaches end of non-void function [[01;31m[K]8;;https://gcc.gnu.org/onlinedocs/gcc/Warning-Options.html#index-Wreturn-type-Werror=return-type]8;;[m[K]
  432 | [01;31m[K}[m[K
      | [01;31m[K^[m[K
cc1plus: all warnings being treated as errors
gmake[2]: *** [CMakeFiles/same_fuzzy_logic_controller.dir/build.make:76: CMakeFiles/same_fuzzy_logic_controller.dir/src/same_fuzzy_logic_controller.cpp.o] Error 1
gmake[1]: *** [CMakeFiles/Makefile2:137: CMakeFiles/same_fuzzy_logic_controller.dir/all] Error 2
gmake: *** [Makefile:146: all] Error 2
